{"/home/travis/build/npmtest/node-npmtest-stream-http/test.js":{"path":"/home/travis/build/npmtest/node-npmtest-stream-http/test.js","s":{"1":2,"2":2,"3":2,"4":2,"5":2,"6":2,"7":2,"8":1,"9":2,"10":2,"11":1,"12":1,"13":1,"14":1,"15":2,"16":2,"17":2,"18":2,"19":1,"20":1,"21":2,"22":2,"23":2,"24":1,"25":1,"26":1,"27":1,"28":1,"29":1,"30":1,"31":1,"32":1,"33":1,"34":1,"35":1,"36":1,"37":1,"38":1,"39":2,"40":2,"41":1,"42":2,"43":2,"44":1,"45":2,"46":2,"47":1,"48":2,"49":2,"50":1,"51":1,"52":1,"53":1,"54":1},"b":{"1":[2,1,1,1],"2":[1,1,1,1],"3":[1,1],"4":[1,1],"5":[1,1],"6":[1,1],"7":[1,1],"8":[1,1],"9":[1,1],"10":[1,1,1],"11":[1,1],"12":[1,1],"13":[1,1],"14":[1,1],"15":[1,1],"16":[1,1],"17":[1,1]},"f":{"1":2,"2":2,"3":2,"4":2,"5":2,"6":1,"7":1,"8":1,"9":2,"10":2,"11":2,"12":2,"13":1},"fnMap":{"1":{"name":"(anonymous_1)","line":12,"loc":{"start":{"line":12,"column":1},"end":{"line":12,"column":13}}},"2":{"name":"(anonymous_2)","line":19,"loc":{"start":{"line":19,"column":5},"end":{"line":19,"column":17}}},"3":{"name":"(anonymous_3)","line":23,"loc":{"start":{"line":23,"column":24},"end":{"line":23,"column":36}}},"4":{"name":"(anonymous_4)","line":61,"loc":{"start":{"line":61,"column":5},"end":{"line":61,"column":17}}},"5":{"name":"(anonymous_5)","line":82,"loc":{"start":{"line":82,"column":5},"end":{"line":82,"column":17}}},"6":{"name":"(anonymous_6)","line":91,"loc":{"start":{"line":91,"column":77},"end":{"line":94,"column":10}}},"7":{"name":"(anonymous_7)","line":112,"loc":{"start":{"line":112,"column":83},"end":{"line":115,"column":10}},"skip":true},"8":{"name":"(anonymous_8)","line":123,"loc":{"start":{"line":123,"column":77},"end":{"line":126,"column":10}},"skip":true},"9":{"name":"(anonymous_9)","line":139,"loc":{"start":{"line":139,"column":12},"end":{"line":139,"column":40}},"skip":true},"10":{"name":"(anonymous_10)","line":147,"loc":{"start":{"line":147,"column":77},"end":{"line":150,"column":10}},"skip":true},"11":{"name":"(anonymous_11)","line":158,"loc":{"start":{"line":158,"column":83},"end":{"line":161,"column":10}},"skip":true},"12":{"name":"(anonymous_12)","line":169,"loc":{"start":{"line":169,"column":79},"end":{"line":172,"column":10}},"skip":true},"13":{"name":"(anonymous_13)","line":180,"loc":{"start":{"line":180,"column":75},"end":{"line":183,"column":10}},"skip":true}},"statementMap":{"1":{"start":{"line":12,"column":0},"end":{"line":195,"column":5}},"2":{"start":{"line":14,"column":4},"end":{"line":14,"column":14}},"3":{"start":{"line":19,"column":4},"end":{"line":56,"column":9}},"4":{"start":{"line":21,"column":8},"end":{"line":21,"column":19}},"5":{"start":{"line":23,"column":8},"end":{"line":35,"column":13}},"6":{"start":{"line":24,"column":12},"end":{"line":34,"column":13}},"7":{"start":{"line":25,"column":16},"end":{"line":28,"column":30}},"8":{"start":{"line":30,"column":16},"end":{"line":33,"column":27}},"9":{"start":{"line":37,"column":8},"end":{"line":39,"column":21}},"10":{"start":{"line":40,"column":8},"end":{"line":53,"column":9}},"11":{"start":{"line":43,"column":12},"end":{"line":46,"column":14}},"12":{"start":{"line":47,"column":12},"end":{"line":47,"column":18}},"13":{"start":{"line":50,"column":12},"end":{"line":51,"column":33}},"14":{"start":{"line":52,"column":12},"end":{"line":52,"column":18}},"15":{"start":{"line":55,"column":8},"end":{"line":55,"column":35}},"16":{"start":{"line":61,"column":4},"end":{"line":63,"column":9}},"17":{"start":{"line":62,"column":8},"end":{"line":62,"column":15}},"18":{"start":{"line":64,"column":4},"end":{"line":77,"column":5}},"19":{"start":{"line":70,"column":8},"end":{"line":70,"column":14}},"20":{"start":{"line":76,"column":8},"end":{"line":76,"column":14}},"21":{"start":{"line":82,"column":4},"end":{"line":84,"column":9}},"22":{"start":{"line":83,"column":8},"end":{"line":83,"column":15}},"23":{"start":{"line":85,"column":4},"end":{"line":194,"column":5}},"24":{"start":{"line":91,"column":8},"end":{"line":99,"column":10}},"25":{"start":{"line":98,"column":12},"end":{"line":98,"column":35}},"26":{"start":{"line":102,"column":8},"end":{"line":104,"column":63}},"27":{"start":{"line":105,"column":8},"end":{"line":105,"column":14}},"28":{"start":{"line":112,"column":8},"end":{"line":121,"column":10},"skip":true},"29":{"start":{"line":119,"column":12},"end":{"line":119,"column":55},"skip":true},"30":{"start":{"line":120,"column":12},"end":{"line":120,"column":48},"skip":true},"31":{"start":{"line":123,"column":8},"end":{"line":136,"column":10},"skip":true},"32":{"start":{"line":130,"column":12},"end":{"line":130,"column":76},"skip":true},"33":{"start":{"line":131,"column":12},"end":{"line":131,"column":73},"skip":true},"34":{"start":{"line":132,"column":12},"end":{"line":132,"column":74},"skip":true},"35":{"start":{"line":133,"column":12},"end":{"line":133,"column":79},"skip":true},"36":{"start":{"line":134,"column":12},"end":{"line":134,"column":25},"skip":true},"37":{"start":{"line":135,"column":12},"end":{"line":135,"column":45},"skip":true},"38":{"start":{"line":138,"column":8},"end":{"line":145,"column":14},"skip":true},"39":{"start":{"line":143,"column":16},"end":{"line":143,"column":29},"skip":true},"40":{"start":{"line":144,"column":16},"end":{"line":144,"column":55},"skip":true},"41":{"start":{"line":147,"column":8},"end":{"line":156,"column":10},"skip":true},"42":{"start":{"line":154,"column":12},"end":{"line":154,"column":25},"skip":true},"43":{"start":{"line":155,"column":12},"end":{"line":155,"column":45},"skip":true},"44":{"start":{"line":158,"column":8},"end":{"line":167,"column":10},"skip":true},"45":{"start":{"line":165,"column":12},"end":{"line":165,"column":25},"skip":true},"46":{"start":{"line":166,"column":12},"end":{"line":166,"column":48},"skip":true},"47":{"start":{"line":169,"column":8},"end":{"line":178,"column":10},"skip":true},"48":{"start":{"line":176,"column":12},"end":{"line":176,"column":25},"skip":true},"49":{"start":{"line":177,"column":12},"end":{"line":177,"column":46},"skip":true},"50":{"start":{"line":180,"column":8},"end":{"line":189,"column":10},"skip":true},"51":{"start":{"line":187,"column":12},"end":{"line":187,"column":94},"skip":true},"52":{"start":{"line":188,"column":12},"end":{"line":188,"column":48},"skip":true},"53":{"start":{"line":192,"column":8},"end":{"line":192,"column":35},"skip":true},"54":{"start":{"line":193,"column":8},"end":{"line":193,"column":14},"skip":true}},"branchMap":{"1":{"line":25,"type":"binary-expr","locations":[{"start":{"line":25,"column":23},"end":{"line":25,"column":62}},{"start":{"line":26,"column":20},"end":{"line":26,"column":70}},{"start":{"line":27,"column":20},"end":{"line":27,"column":71}},{"start":{"line":28,"column":20},"end":{"line":28,"column":29}}]},"2":{"line":30,"type":"binary-expr","locations":[{"start":{"line":30,"column":23},"end":{"line":30,"column":37}},{"start":{"line":31,"column":20},"end":{"line":31,"column":61}},{"start":{"line":32,"column":20},"end":{"line":32,"column":70}},{"start":{"line":33,"column":20},"end":{"line":33,"column":26}}]},"3":{"line":37,"type":"cond-expr","locations":[{"start":{"line":38,"column":14},"end":{"line":38,"column":20}},{"start":{"line":39,"column":14},"end":{"line":39,"column":20}}]},"4":{"line":40,"type":"switch","locations":[{"start":{"line":42,"column":8},"end":{"line":47,"column":18}},{"start":{"line":49,"column":8},"end":{"line":52,"column":18}}]},"5":{"line":44,"type":"binary-expr","locations":[{"start":{"line":44,"column":16},"end":{"line":44,"column":44}},{"start":{"line":44,"column":48},"end":{"line":44,"column":66}}]},"6":{"line":50,"type":"binary-expr","locations":[{"start":{"line":50,"column":21},"end":{"line":50,"column":49}},{"start":{"line":50,"column":53},"end":{"line":50,"column":72}}]},"7":{"line":64,"type":"switch","locations":[{"start":{"line":69,"column":4},"end":{"line":70,"column":14}},{"start":{"line":75,"column":4},"end":{"line":76,"column":14}}]},"8":{"line":85,"type":"switch","locations":[{"start":{"line":90,"column":4},"end":{"line":105,"column":14}},{"start":{"line":111,"column":4},"end":{"line":193,"column":14},"skip":true}]},"9":{"line":91,"type":"binary-expr","locations":[{"start":{"line":91,"column":42},"end":{"line":91,"column":73}},{"start":{"line":91,"column":77},"end":{"line":99,"column":9}}]},"10":{"line":102,"type":"binary-expr","locations":[{"start":{"line":102,"column":18},"end":{"line":102,"column":32}},{"start":{"line":103,"column":12},"end":{"line":103,"column":53}},{"start":{"line":104,"column":12},"end":{"line":104,"column":61}}]},"11":{"line":112,"type":"binary-expr","locations":[{"start":{"line":112,"column":45},"end":{"line":112,"column":79},"skip":true},{"start":{"line":112,"column":83},"end":{"line":121,"column":9},"skip":true}]},"12":{"line":123,"type":"binary-expr","locations":[{"start":{"line":123,"column":42},"end":{"line":123,"column":73},"skip":true},{"start":{"line":123,"column":77},"end":{"line":136,"column":9},"skip":true}]},"13":{"line":138,"type":"binary-expr","locations":[{"start":{"line":138,"column":48},"end":{"line":138,"column":85},"skip":true},{"start":{"line":139,"column":12},"end":{"line":145,"column":13},"skip":true}]},"14":{"line":147,"type":"binary-expr","locations":[{"start":{"line":147,"column":42},"end":{"line":147,"column":73},"skip":true},{"start":{"line":147,"column":77},"end":{"line":156,"column":9},"skip":true}]},"15":{"line":158,"type":"binary-expr","locations":[{"start":{"line":158,"column":45},"end":{"line":158,"column":79},"skip":true},{"start":{"line":158,"column":83},"end":{"line":167,"column":9},"skip":true}]},"16":{"line":169,"type":"binary-expr","locations":[{"start":{"line":169,"column":43},"end":{"line":169,"column":75},"skip":true},{"start":{"line":169,"column":79},"end":{"line":178,"column":9},"skip":true}]},"17":{"line":180,"type":"binary-expr","locations":[{"start":{"line":180,"column":41},"end":{"line":180,"column":71},"skip":true},{"start":{"line":180,"column":75},"end":{"line":189,"column":9},"skip":true}]}},"code":["/* istanbul instrument in package npmtest_stream_http */","/*jslint","    bitwise: true,","    browser: true,","    maxerr: 8,","    maxlen: 96,","    node: true,","    nomen: true,","    regexp: true,","    stupid: true","*/","(function () {","    'use strict';","    var local;","","","","    // run shared js-env code - init-before","    (function () {","        // init local","        local = {};","        // init modeJs","        local.modeJs = (function () {","            try {","                return typeof navigator.userAgent === 'string' &&","                    typeof document.querySelector('body') === 'object' &&","                    typeof XMLHttpRequest.prototype.open === 'function' &&","                    'browser';","            } catch (errorCaughtBrowser) {","                return module.exports &&","                    typeof process.versions.node === 'string' &&","                    typeof require('http').createServer === 'function' &&","                    'node';","            }","        }());","        // init global","        local.global = local.modeJs === 'browser'","            ? window","            : global;","        switch (local.modeJs) {","        // re-init local from window.local","        case 'browser':","            local = local.global.utility2.objectSetDefault(","                local.global.utility2_rollup || local.global.local,","                local.global.utility2","            );","            break;","        // re-init local from example.js","        case 'node':","            local = (local.global.utility2_rollup || require('utility2'))","                .requireReadme();","            break;","        }","        // export local","        local.global.local = local;","    }());","","","","    // run shared js-env code - function","    (function () {","        return;","    }());","    switch (local.modeJs) {","","","","    // run browser js-env code - function","    case 'browser':","        break;","","","","    // run node js-env code - function","    case 'node':","        break;","    }","","","","    // run shared js-env code - init-after","    (function () {","        return;","    }());","    switch (local.modeJs) {","","","","    // run browser js-env code - init-after","    case 'browser':","        local.testCase_browser_nullCase = local.testCase_browser_nullCase || function (","            options,","            onError","        ) {","        /*","         * this function will test browsers's null-case handling-behavior-behavior","         */","            onError(null, options);","        };","","        // run tests","        local.nop(local.modeTest &&","            document.querySelector('#testRunButton1') &&","            document.querySelector('#testRunButton1').click());","        break;","","","","    // run node js-env code - init-after","    /* istanbul ignore next */","    case 'node':","        local.testCase_buildApidoc_default = local.testCase_buildApidoc_default || function (","            options,","            onError","        ) {","        /*","         * this function will test buildApidoc's default handling-behavior-behavior","         */","            options = { modulePathList: module.paths };","            local.buildApidoc(options, onError);","        };","","        local.testCase_buildApp_default = local.testCase_buildApp_default || function (","            options,","            onError","        ) {","        /*","         * this function will test buildApp's default handling-behavior-behavior","         */","            local.testCase_buildReadme_default(options, local.onErrorThrow);","            local.testCase_buildLib_default(options, local.onErrorThrow);","            local.testCase_buildTest_default(options, local.onErrorThrow);","            local.testCase_buildCustomOrg_default(options, local.onErrorThrow);","            options = [];","            local.buildApp(options, onError);","        };","","        local.testCase_buildCustomOrg_default = local.testCase_buildCustomOrg_default ||","            function (options, onError) {","            /*","             * this function will test buildCustomOrg's default handling-behavior","             */","                options = {};","                local.buildCustomOrg(options, onError);","            };","","        local.testCase_buildLib_default = local.testCase_buildLib_default || function (","            options,","            onError","        ) {","        /*","         * this function will test buildLib's default handling-behavior","         */","            options = {};","            local.buildLib(options, onError);","        };","","        local.testCase_buildReadme_default = local.testCase_buildReadme_default || function (","            options,","            onError","        ) {","        /*","         * this function will test buildReadme's default handling-behavior-behavior","         */","            options = {};","            local.buildReadme(options, onError);","        };","","        local.testCase_buildTest_default = local.testCase_buildTest_default || function (","            options,","            onError","        ) {","        /*","         * this function will test buildTest's default handling-behavior","         */","            options = {};","            local.buildTest(options, onError);","        };","","        local.testCase_webpage_default = local.testCase_webpage_default || function (","            options,","            onError","        ) {","        /*","         * this function will test webpage's default handling-behavior","         */","            options = { modeCoverageMerge: true, url: local.serverLocalHost + '?modeTest=1' };","            local.browserTest(options, onError);","        };","","        // run test-server","        local.testRunServer(local);","        break;","    }","}());",""],"l":{"12":2,"14":2,"19":2,"21":2,"23":2,"24":2,"25":2,"30":1,"37":2,"40":2,"43":1,"47":1,"50":1,"52":1,"55":2,"61":2,"62":2,"64":2,"70":1,"76":1,"82":2,"83":2,"85":2,"91":1,"98":1,"102":1,"105":1,"112":1,"119":1,"120":1,"123":1,"130":1,"131":1,"132":1,"133":1,"134":1,"135":1,"138":1,"143":2,"144":2,"147":1,"154":2,"155":2,"158":1,"165":2,"166":2,"169":1,"176":2,"177":2,"180":1,"187":1,"188":1,"192":1,"193":1}},"/home/travis/build/npmtest/node-npmtest-stream-http/lib.npmtest_stream_http.js":{"path":"/home/travis/build/npmtest/node-npmtest-stream-http/lib.npmtest_stream_http.js","s":{"1":2,"2":2,"3":2,"4":2,"5":2,"6":2,"7":2,"8":1,"9":2,"10":2,"11":2,"12":2,"13":1,"14":1,"15":1,"16":1},"b":{"1":[2,1,1,1],"2":[1,1,1,1],"3":[1,1],"4":[2,2],"5":[1,1]},"f":{"1":2,"2":2,"3":2},"fnMap":{"1":{"name":"(anonymous_1)","line":12,"loc":{"start":{"line":12,"column":1},"end":{"line":12,"column":13}}},"2":{"name":"(anonymous_2)","line":19,"loc":{"start":{"line":19,"column":5},"end":{"line":19,"column":17}}},"3":{"name":"(anonymous_3)","line":23,"loc":{"start":{"line":23,"column":24},"end":{"line":23,"column":36}}}},"statementMap":{"1":{"start":{"line":12,"column":0},"end":{"line":53,"column":5}},"2":{"start":{"line":14,"column":4},"end":{"line":14,"column":14}},"3":{"start":{"line":19,"column":4},"end":{"line":52,"column":9}},"4":{"start":{"line":21,"column":8},"end":{"line":21,"column":19}},"5":{"start":{"line":23,"column":8},"end":{"line":35,"column":13}},"6":{"start":{"line":24,"column":12},"end":{"line":34,"column":13}},"7":{"start":{"line":25,"column":16},"end":{"line":28,"column":30}},"8":{"start":{"line":30,"column":16},"end":{"line":33,"column":27}},"9":{"start":{"line":37,"column":8},"end":{"line":39,"column":21}},"10":{"start":{"line":41,"column":8},"end":{"line":41,"column":54}},"11":{"start":{"line":43,"column":8},"end":{"line":43,"column":56}},"12":{"start":{"line":45,"column":8},"end":{"line":51,"column":9}},"13":{"start":{"line":46,"column":12},"end":{"line":46,"column":62}},"14":{"start":{"line":48,"column":12},"end":{"line":48,"column":35}},"15":{"start":{"line":49,"column":12},"end":{"line":49,"column":49}},"16":{"start":{"line":50,"column":12},"end":{"line":50,"column":43}}},"branchMap":{"1":{"line":25,"type":"binary-expr","locations":[{"start":{"line":25,"column":23},"end":{"line":25,"column":62}},{"start":{"line":26,"column":20},"end":{"line":26,"column":70}},{"start":{"line":27,"column":20},"end":{"line":27,"column":71}},{"start":{"line":28,"column":20},"end":{"line":28,"column":29}}]},"2":{"line":30,"type":"binary-expr","locations":[{"start":{"line":30,"column":23},"end":{"line":30,"column":37}},{"start":{"line":31,"column":20},"end":{"line":31,"column":61}},{"start":{"line":32,"column":20},"end":{"line":32,"column":70}},{"start":{"line":33,"column":20},"end":{"line":33,"column":26}}]},"3":{"line":37,"type":"cond-expr","locations":[{"start":{"line":38,"column":14},"end":{"line":38,"column":20}},{"start":{"line":39,"column":14},"end":{"line":39,"column":20}}]},"4":{"line":41,"type":"binary-expr","locations":[{"start":{"line":41,"column":16},"end":{"line":41,"column":44}},{"start":{"line":41,"column":48},"end":{"line":41,"column":53}}]},"5":{"line":45,"type":"if","locations":[{"start":{"line":45,"column":8},"end":{"line":45,"column":8}},{"start":{"line":45,"column":8},"end":{"line":45,"column":8}}]}},"code":["/* istanbul instrument in package npmtest_stream_http */","/*jslint","    bitwise: true,","    browser: true,","    maxerr: 8,","    maxlen: 96,","    node: true,","    nomen: true,","    regexp: true,","    stupid: true","*/","(function () {","    'use strict';","    var local;","","","","    // run shared js-env code - init-before","    (function () {","        // init local","        local = {};","        // init modeJs","        local.modeJs = (function () {","            try {","                return typeof navigator.userAgent === 'string' &&","                    typeof document.querySelector('body') === 'object' &&","                    typeof XMLHttpRequest.prototype.open === 'function' &&","                    'browser';","            } catch (errorCaughtBrowser) {","                return module.exports &&","                    typeof process.versions.node === 'string' &&","                    typeof require('http').createServer === 'function' &&","                    'node';","            }","        }());","        // init global","        local.global = local.modeJs === 'browser'","            ? window","            : global;","        // init utility2_rollup","        local = local.global.utility2_rollup || local;","        // init lib","        local.local = local.npmtest_stream_http = local;","        // init exports","        if (local.modeJs === 'browser') {","            local.global.utility2_npmtest_stream_http = local;","        } else {","            module.exports = local;","            module.exports.__dirname = __dirname;","            module.exports.module = module;","        }","    }());","}());",""],"l":{"12":2,"14":2,"19":2,"21":2,"23":2,"24":2,"25":2,"30":1,"37":2,"41":2,"43":2,"45":2,"46":1,"48":1,"49":1,"50":1}},"/home/travis/build/npmtest/node-npmtest-stream-http/example.js":{"path":"/home/travis/build/npmtest/node-npmtest-stream-http/example.js","s":{"1":2,"2":2,"3":2,"4":2,"5":2,"6":2,"7":2,"8":1,"9":2,"10":2,"11":2,"12":2,"13":1,"14":2,"15":2,"16":2,"17":2,"18":2,"19":0,"20":2,"21":1,"22":1,"23":1,"24":1,"25":1,"26":0,"27":0,"28":1,"29":1,"30":2,"31":0,"32":0,"33":0,"34":1,"35":2,"36":2,"37":3,"38":3,"39":3,"40":3,"41":0,"42":3,"43":3,"44":3,"45":1,"46":3,"47":1,"48":1,"49":1,"50":1,"51":1,"52":1,"53":1,"54":1,"55":1,"56":1,"57":0,"58":1,"59":6,"60":6,"61":1,"62":2,"63":0,"64":2,"65":1,"66":1,"67":0,"68":0,"69":0,"70":0,"71":0,"72":0,"73":0,"74":0,"75":0,"76":0,"77":0,"78":0,"79":0,"80":0,"81":0,"82":0,"83":0},"b":{"1":[2,1,1,1],"2":[1,1,1,1],"3":[1,1],"4":[2,2],"5":[1,1],"6":[1,1],"7":[2,0],"8":[2,1,1,1,1,1],"9":[0,2,0],"10":[1,1],"11":[2,1,1],"12":[1,0],"13":[0,2],"14":[2,0,0,0,0,0,0],"15":[0,3],"16":[3,0],"17":[1,1],"18":[0,1],"19":[1,2,0,2],"20":[1,0],"21":[1,1],"22":[0,0],"23":[0,0],"24":[0,0],"25":[0,0],"26":[0,0],"27":[0,0],"28":[0,0]},"f":{"1":2,"2":2,"3":2,"4":2,"5":2,"6":2,"7":3,"8":3,"9":3,"10":1,"11":6,"12":0},"fnMap":{"1":{"name":"(anonymous_1)","line":26,"loc":{"start":{"line":26,"column":1},"end":{"line":26,"column":13}}},"2":{"name":"(anonymous_2)","line":33,"loc":{"start":{"line":33,"column":5},"end":{"line":33,"column":17}}},"3":{"name":"(anonymous_3)","line":37,"loc":{"start":{"line":37,"column":24},"end":{"line":37,"column":36}}},"4":{"name":"(anonymous_4)","line":69,"loc":{"start":{"line":69,"column":31},"end":{"line":69,"column":48}},"skip":true},"5":{"name":"(anonymous_5)","line":78,"loc":{"start":{"line":78,"column":26},"end":{"line":78,"column":45}},"skip":true},"6":{"name":"(anonymous_6)","line":123,"loc":{"start":{"line":123,"column":33},"end":{"line":123,"column":48}},"skip":true},"7":{"name":"(anonymous_7)","line":125,"loc":{"start":{"line":125,"column":27},"end":{"line":125,"column":39}},"skip":true},"8":{"name":"(anonymous_8)","line":133,"loc":{"start":{"line":133,"column":59},"end":{"line":133,"column":74}},"skip":true},"9":{"name":"(anonymous_9)","line":143,"loc":{"start":{"line":143,"column":45},"end":{"line":143,"column":62}},"skip":true},"10":{"name":"(anonymous_10)","line":144,"loc":{"start":{"line":144,"column":73},"end":{"line":144,"column":92}},"skip":true},"11":{"name":"(anonymous_11)","line":272,"loc":{"start":{"line":272,"column":51},"end":{"line":272,"column":77}},"skip":true},"12":{"name":"(anonymous_12)","line":315,"loc":{"start":{"line":315,"column":32},"end":{"line":315,"column":61}},"skip":true}},"statementMap":{"1":{"start":{"line":26,"column":0},"end":{"line":326,"column":5}},"2":{"start":{"line":28,"column":4},"end":{"line":28,"column":14}},"3":{"start":{"line":33,"column":4},"end":{"line":60,"column":9}},"4":{"start":{"line":35,"column":8},"end":{"line":35,"column":19}},"5":{"start":{"line":37,"column":8},"end":{"line":49,"column":13}},"6":{"start":{"line":38,"column":12},"end":{"line":48,"column":13}},"7":{"start":{"line":39,"column":16},"end":{"line":42,"column":30}},"8":{"start":{"line":44,"column":16},"end":{"line":47,"column":27}},"9":{"start":{"line":51,"column":8},"end":{"line":53,"column":21}},"10":{"start":{"line":55,"column":8},"end":{"line":57,"column":45}},"11":{"start":{"line":59,"column":8},"end":{"line":59,"column":35}},"12":{"start":{"line":61,"column":4},"end":{"line":325,"column":5}},"13":{"start":{"line":69,"column":8},"end":{"line":121,"column":10},"skip":true},"14":{"start":{"line":70,"column":12},"end":{"line":88,"column":13},"skip":true},"15":{"start":{"line":76,"column":16},"end":{"line":87,"column":19},"skip":true},"16":{"start":{"line":79,"column":20},"end":{"line":86,"column":21},"skip":true},"17":{"start":{"line":82,"column":24},"end":{"line":82,"column":43},"skip":true},"18":{"start":{"line":83,"column":24},"end":{"line":83,"column":30},"skip":true},"19":{"start":{"line":85,"column":24},"end":{"line":85,"column":49},"skip":true},"20":{"start":{"line":89,"column":12},"end":{"line":107,"column":13},"skip":true},"21":{"start":{"line":92,"column":16},"end":{"line":102,"column":17},"skip":true},"22":{"start":{"line":93,"column":20},"end":{"line":93,"column":86},"skip":true},"23":{"start":{"line":94,"column":20},"end":{"line":95,"column":45},"skip":true},"24":{"start":{"line":96,"column":20},"end":{"line":96,"column":42},"skip":true},"25":{"start":{"line":97,"column":20},"end":{"line":97,"column":48},"skip":true},"26":{"start":{"line":100,"column":20},"end":{"line":100,"column":85},"skip":true},"27":{"start":{"line":101,"column":20},"end":{"line":101,"column":96},"skip":true},"28":{"start":{"line":103,"column":16},"end":{"line":103,"column":22},"skip":true},"29":{"start":{"line":106,"column":16},"end":{"line":106,"column":22},"skip":true},"30":{"start":{"line":108,"column":12},"end":{"line":120,"column":13},"skip":true},"31":{"start":{"line":114,"column":16},"end":{"line":119,"column":17},"skip":true},"32":{"start":{"line":116,"column":20},"end":{"line":116,"column":78},"skip":true},"33":{"start":{"line":118,"column":20},"end":{"line":118,"column":47},"skip":true},"34":{"start":{"line":123,"column":8},"end":{"line":141,"column":11},"skip":true},"35":{"start":{"line":124,"column":12},"end":{"line":124,"column":54},"skip":true},"36":{"start":{"line":125,"column":12},"end":{"line":140,"column":14},"skip":true},"37":{"start":{"line":126,"column":16},"end":{"line":126,"column":28},"skip":true},"38":{"start":{"line":127,"column":16},"end":{"line":127,"column":69},"skip":true},"39":{"start":{"line":128,"column":16},"end":{"line":128,"column":75},"skip":true},"40":{"start":{"line":129,"column":16},"end":{"line":131,"column":17},"skip":true},"41":{"start":{"line":130,"column":20},"end":{"line":130,"column":27},"skip":true},"42":{"start":{"line":133,"column":16},"end":{"line":137,"column":36},"skip":true},"43":{"start":{"line":134,"column":20},"end":{"line":136,"column":55},"skip":true},"44":{"start":{"line":139,"column":16},"end":{"line":139,"column":57},"skip":true},"45":{"start":{"line":143,"column":8},"end":{"line":147,"column":11},"skip":true},"46":{"start":{"line":144,"column":12},"end":{"line":146,"column":15},"skip":true},"47":{"start":{"line":145,"column":16},"end":{"line":145,"column":70},"skip":true},"48":{"start":{"line":149,"column":8},"end":{"line":149,"column":31},"skip":true},"49":{"start":{"line":150,"column":8},"end":{"line":150,"column":14},"skip":true},"50":{"start":{"line":158,"column":8},"end":{"line":158,"column":31},"skip":true},"51":{"start":{"line":160,"column":8},"end":{"line":160,"column":33},"skip":true},"52":{"start":{"line":161,"column":8},"end":{"line":161,"column":37},"skip":true},"53":{"start":{"line":162,"column":8},"end":{"line":162,"column":35},"skip":true},"54":{"start":{"line":164,"column":8},"end":{"line":164,"column":50},"skip":true},"55":{"start":{"line":166,"column":8},"end":{"line":256,"column":2},"skip":true},"56":{"start":{"line":258,"column":8},"end":{"line":286,"column":9},"skip":true},"57":{"start":{"line":259,"column":12},"end":{"line":269,"column":14},"skip":true},"58":{"start":{"line":271,"column":12},"end":{"line":285,"column":19},"skip":true},"59":{"start":{"line":274,"column":20},"end":{"line":274,"column":35},"skip":true},"60":{"start":{"line":275,"column":20},"end":{"line":284,"column":21},"skip":true},"61":{"start":{"line":277,"column":24},"end":{"line":277,"column":64},"skip":true},"62":{"start":{"line":279,"column":24},"end":{"line":279,"column":40},"skip":true},"63":{"start":{"line":281,"column":24},"end":{"line":281,"column":40},"skip":true},"64":{"start":{"line":283,"column":24},"end":{"line":283,"column":39},"skip":true},"65":{"start":{"line":288,"column":8},"end":{"line":290,"column":9},"skip":true},"66":{"start":{"line":289,"column":12},"end":{"line":289,"column":18},"skip":true},"67":{"start":{"line":291,"column":8},"end":{"line":293,"column":54},"skip":true},"68":{"start":{"line":296,"column":8},"end":{"line":301,"column":37},"skip":true},"69":{"start":{"line":303,"column":8},"end":{"line":303,"column":82},"skip":true},"70":{"start":{"line":306,"column":8},"end":{"line":308,"column":9},"skip":true},"71":{"start":{"line":307,"column":12},"end":{"line":307,"column":82},"skip":true},"72":{"start":{"line":310,"column":8},"end":{"line":312,"column":9},"skip":true},"73":{"start":{"line":311,"column":12},"end":{"line":311,"column":18},"skip":true},"74":{"start":{"line":313,"column":8},"end":{"line":313,"column":54},"skip":true},"75":{"start":{"line":314,"column":8},"end":{"line":314,"column":69},"skip":true},"76":{"start":{"line":315,"column":8},"end":{"line":323,"column":36},"skip":true},"77":{"start":{"line":316,"column":12},"end":{"line":316,"column":61},"skip":true},"78":{"start":{"line":317,"column":12},"end":{"line":320,"column":13},"skip":true},"79":{"start":{"line":318,"column":16},"end":{"line":318,"column":75},"skip":true},"80":{"start":{"line":319,"column":16},"end":{"line":319,"column":23},"skip":true},"81":{"start":{"line":321,"column":12},"end":{"line":321,"column":38},"skip":true},"82":{"start":{"line":322,"column":12},"end":{"line":322,"column":27},"skip":true},"83":{"start":{"line":324,"column":8},"end":{"line":324,"column":14},"skip":true}},"branchMap":{"1":{"line":39,"type":"binary-expr","locations":[{"start":{"line":39,"column":23},"end":{"line":39,"column":62}},{"start":{"line":40,"column":20},"end":{"line":40,"column":70}},{"start":{"line":41,"column":20},"end":{"line":41,"column":71}},{"start":{"line":42,"column":20},"end":{"line":42,"column":29}}]},"2":{"line":44,"type":"binary-expr","locations":[{"start":{"line":44,"column":23},"end":{"line":44,"column":37}},{"start":{"line":45,"column":20},"end":{"line":45,"column":61}},{"start":{"line":46,"column":20},"end":{"line":46,"column":70}},{"start":{"line":47,"column":20},"end":{"line":47,"column":26}}]},"3":{"line":51,"type":"cond-expr","locations":[{"start":{"line":52,"column":14},"end":{"line":52,"column":20}},{"start":{"line":53,"column":14},"end":{"line":53,"column":20}}]},"4":{"line":55,"type":"binary-expr","locations":[{"start":{"line":55,"column":16},"end":{"line":55,"column":44}},{"start":{"line":55,"column":49},"end":{"line":57,"column":43}}]},"5":{"line":55,"type":"cond-expr","locations":[{"start":{"line":56,"column":14},"end":{"line":56,"column":55}},{"start":{"line":57,"column":14},"end":{"line":57,"column":43}}]},"6":{"line":61,"type":"switch","locations":[{"start":{"line":68,"column":4},"end":{"line":150,"column":14},"skip":true},{"start":{"line":156,"column":4},"end":{"line":324,"column":14},"skip":true}]},"7":{"line":70,"type":"if","locations":[{"start":{"line":70,"column":12},"end":{"line":70,"column":12},"skip":true},{"start":{"line":70,"column":12},"end":{"line":70,"column":12},"skip":true}]},"8":{"line":70,"type":"binary-expr","locations":[{"start":{"line":70,"column":16},"end":{"line":70,"column":22},"skip":true},{"start":{"line":70,"column":27},"end":{"line":70,"column":32},"skip":true},{"start":{"line":71,"column":20},"end":{"line":71,"column":39},"skip":true},{"start":{"line":72,"column":20},"end":{"line":72,"column":49},"skip":true},{"start":{"line":73,"column":20},"end":{"line":73,"column":58},"skip":true},{"start":{"line":74,"column":20},"end":{"line":74,"column":69},"skip":true}]},"9":{"line":79,"type":"switch","locations":[{"start":{"line":80,"column":20},"end":{"line":80,"column":33},"skip":true},{"start":{"line":81,"column":20},"end":{"line":83,"column":30},"skip":true},{"start":{"line":84,"column":20},"end":{"line":85,"column":49},"skip":true}]},"10":{"line":89,"type":"switch","locations":[{"start":{"line":90,"column":12},"end":{"line":103,"column":22},"skip":true},{"start":{"line":105,"column":12},"end":{"line":106,"column":22},"skip":true}]},"11":{"line":89,"type":"binary-expr","locations":[{"start":{"line":89,"column":20},"end":{"line":89,"column":25},"skip":true},{"start":{"line":89,"column":29},"end":{"line":89,"column":48},"skip":true},{"start":{"line":89,"column":52},"end":{"line":89,"column":74},"skip":true}]},"12":{"line":92,"type":"if","locations":[{"start":{"line":92,"column":16},"end":{"line":92,"column":16},"skip":true},{"start":{"line":92,"column":16},"end":{"line":92,"column":16},"skip":true}]},"13":{"line":108,"type":"if","locations":[{"start":{"line":108,"column":12},"end":{"line":108,"column":12},"skip":true},{"start":{"line":108,"column":12},"end":{"line":108,"column":12},"skip":true}]},"14":{"line":108,"type":"binary-expr","locations":[{"start":{"line":108,"column":16},"end":{"line":108,"column":61},"skip":true},{"start":{"line":108,"column":66},"end":{"line":108,"column":72},"skip":true},{"start":{"line":108,"column":77},"end":{"line":108,"column":82},"skip":true},{"start":{"line":109,"column":20},"end":{"line":109,"column":39},"skip":true},{"start":{"line":110,"column":20},"end":{"line":110,"column":49},"skip":true},{"start":{"line":111,"column":20},"end":{"line":111,"column":58},"skip":true},{"start":{"line":112,"column":20},"end":{"line":112,"column":68},"skip":true}]},"15":{"line":129,"type":"if","locations":[{"start":{"line":129,"column":16},"end":{"line":129,"column":16},"skip":true},{"start":{"line":129,"column":16},"end":{"line":129,"column":16},"skip":true}]},"16":{"line":134,"type":"cond-expr","locations":[{"start":{"line":135,"column":26},"end":{"line":135,"column":29},"skip":true},{"start":{"line":136,"column":26},"end":{"line":136,"column":54},"skip":true}]},"17":{"line":164,"type":"binary-expr","locations":[{"start":{"line":164,"column":27},"end":{"line":164,"column":43},"skip":true},{"start":{"line":164,"column":47},"end":{"line":164,"column":49},"skip":true}]},"18":{"line":258,"type":"if","locations":[{"start":{"line":258,"column":8},"end":{"line":258,"column":8},"skip":true},{"start":{"line":258,"column":8},"end":{"line":258,"column":8},"skip":true}]},"19":{"line":275,"type":"switch","locations":[{"start":{"line":276,"column":20},"end":{"line":277,"column":64},"skip":true},{"start":{"line":278,"column":20},"end":{"line":279,"column":40},"skip":true},{"start":{"line":280,"column":20},"end":{"line":281,"column":40},"skip":true},{"start":{"line":282,"column":20},"end":{"line":283,"column":39},"skip":true}]},"20":{"line":288,"type":"if","locations":[{"start":{"line":288,"column":8},"end":{"line":288,"column":8},"skip":true},{"start":{"line":288,"column":8},"end":{"line":288,"column":8},"skip":true}]},"21":{"line":288,"type":"binary-expr","locations":[{"start":{"line":288,"column":12},"end":{"line":288,"column":40},"skip":true},{"start":{"line":288,"column":44},"end":{"line":288,"column":67},"skip":true}]},"22":{"line":292,"type":"binary-expr","locations":[{"start":{"line":292,"column":12},"end":{"line":292,"column":50},"skip":true},{"start":{"line":293,"column":12},"end":{"line":293,"column":53},"skip":true}]},"23":{"line":297,"type":"binary-expr","locations":[{"start":{"line":297,"column":12},"end":{"line":297,"column":69},"skip":true},{"start":{"line":298,"column":12},"end":{"line":301,"column":36},"skip":true}]},"24":{"line":303,"type":"binary-expr","locations":[{"start":{"line":303,"column":43},"end":{"line":303,"column":75},"skip":true},{"start":{"line":303,"column":79},"end":{"line":303,"column":81},"skip":true}]},"25":{"line":306,"type":"if","locations":[{"start":{"line":306,"column":8},"end":{"line":306,"column":8},"skip":true},{"start":{"line":306,"column":8},"end":{"line":306,"column":8},"skip":true}]},"26":{"line":310,"type":"if","locations":[{"start":{"line":310,"column":8},"end":{"line":310,"column":8},"skip":true},{"start":{"line":310,"column":8},"end":{"line":310,"column":8},"skip":true}]},"27":{"line":313,"type":"binary-expr","locations":[{"start":{"line":313,"column":27},"end":{"line":313,"column":43},"skip":true},{"start":{"line":313,"column":47},"end":{"line":313,"column":53},"skip":true}]},"28":{"line":317,"type":"if","locations":[{"start":{"line":317,"column":12},"end":{"line":317,"column":12},"skip":true},{"start":{"line":317,"column":12},"end":{"line":317,"column":12},"skip":true}]}},"code":["/*","example.js","","quickstart example","","instruction","    1. save this script as example.js","    2. run the shell command:","        $ npm install npmtest-stream-http && PORT=8081 node example.js","    3. play with the browser-demo on http://127.0.0.1:8081","*/","","","","/* istanbul instrument in package npmtest_stream_http */","/*jslint","    bitwise: true,","    browser: true,","    maxerr: 8,","    maxlen: 96,","    node: true,","    nomen: true,","    regexp: true,","    stupid: true","*/","(function () {","    'use strict';","    var local;","","","","    // run shared js-env code - init-before","    (function () {","        // init local","        local = {};","        // init modeJs","        local.modeJs = (function () {","            try {","                return typeof navigator.userAgent === 'string' &&","                    typeof document.querySelector('body') === 'object' &&","                    typeof XMLHttpRequest.prototype.open === 'function' &&","                    'browser';","            } catch (errorCaughtBrowser) {","                return module.exports &&","                    typeof process.versions.node === 'string' &&","                    typeof require('http').createServer === 'function' &&","                    'node';","            }","        }());","        // init global","        local.global = local.modeJs === 'browser'","            ? window","            : global;","        // init utility2_rollup","        local = local.global.utility2_rollup || (local.modeJs === 'browser'","            ? local.global.utility2_npmtest_stream_http","            : global.utility2_moduleExports);","        // export local","        local.global.local = local;","    }());","    switch (local.modeJs) {","","","","    // init-after","    // run browser js-env code - init-after","    /* istanbul ignore next */","    case 'browser':","        local.testRunBrowser = function (event) {","            if (!event || (event &&","                    event.currentTarget &&","                    event.currentTarget.className &&","                    event.currentTarget.className.includes &&","                    event.currentTarget.className.includes('onreset'))) {","                // reset output","                Array.from(","                    document.querySelectorAll('body > .resettable')","                ).forEach(function (element) {","                    switch (element.tagName) {","                    case 'INPUT':","                    case 'TEXTAREA':","                        element.value = '';","                        break;","                    default:","                        element.textContent = '';","                    }","                });","            }","            switch (event && event.currentTarget && event.currentTarget.id) {","            case 'testRunButton1':","                // show tests","                if (document.querySelector('#testReportDiv1').style.display === 'none') {","                    document.querySelector('#testReportDiv1').style.display = 'block';","                    document.querySelector('#testRunButton1').textContent =","                        'hide internal test';","                    local.modeTest = true;","                    local.testRunDefault(local);","                // hide tests","                } else {","                    document.querySelector('#testReportDiv1').style.display = 'none';","                    document.querySelector('#testRunButton1').textContent = 'run internal test';","                }","                break;","            // custom-case","            default:","                break;","            }","            if (document.querySelector('#inputTextareaEval1') && (!event || (event &&","                    event.currentTarget &&","                    event.currentTarget.className &&","                    event.currentTarget.className.includes &&","                    event.currentTarget.className.includes('oneval')))) {","                // try to eval input-code","                try {","                    /*jslint evil: true*/","                    eval(document.querySelector('#inputTextareaEval1').value);","                } catch (errorCaught) {","                    console.error(errorCaught);","                }","            }","        };","        // log stderr and stdout to #outputTextareaStdout1","        ['error', 'log'].forEach(function (key) {","            console[key + '_original'] = console[key];","            console[key] = function () {","                var element;","                console[key + '_original'].apply(console, arguments);","                element = document.querySelector('#outputTextareaStdout1');","                if (!element) {","                    return;","                }","                // append text to #outputTextareaStdout1","                element.value += Array.from(arguments).map(function (arg) {","                    return typeof arg === 'string'","                        ? arg","                        : JSON.stringify(arg, null, 4);","                }).join(' ') + '\\n';","                // scroll textarea to bottom","                element.scrollTop = element.scrollHeight;","            };","        });","        // init event-handling","        ['change', 'click', 'keyup'].forEach(function (event) {","            Array.from(document.querySelectorAll('.on' + event)).forEach(function (element) {","                element.addEventListener(event, local.testRunBrowser);","            });","        });","        // run tests","        local.testRunBrowser();","        break;","","","","    // run node js-env code - init-after","    /* istanbul ignore next */","    case 'node':","        // export local","        module.exports = local;","        // require modules","        local.fs = require('fs');","        local.http = require('http');","        local.url = require('url');","        // init assets","        local.assetsDict = local.assetsDict || {};","        /* jslint-ignore-begin */","        local.assetsDict['/assets.index.template.html'] = '\\","<!doctype html>\\n\\","<html lang=\"en\">\\n\\","<head>\\n\\","<meta charset=\"UTF-8\">\\n\\","<meta name=\"viewport\" content=\"width=device-width, initial-scale=1\">\\n\\","<title>{{env.npm_package_name}} (v{{env.npm_package_version}})</title>\\n\\","<style>\\n\\","/*csslint\\n\\","    box-sizing: false,\\n\\","    universal-selector: false\\n\\","*/\\n\\","* {\\n\\","    box-sizing: border-box;\\n\\","}\\n\\","body {\\n\\","    background: #dde;\\n\\","    font-family: Arial, Helvetica, sans-serif;\\n\\","    margin: 2rem;\\n\\","}\\n\\","body > * {\\n\\","    margin-bottom: 1rem;\\n\\","}\\n\\",".utility2FooterDiv {\\n\\","    margin-top: 20px;\\n\\","    text-align: center;\\n\\","}\\n\\","</style>\\n\\","<style>\\n\\","/*csslint\\n\\","*/\\n\\","textarea {\\n\\","    font-family: monospace;\\n\\","    height: 10rem;\\n\\","    width: 100%;\\n\\","}\\n\\","textarea[readonly] {\\n\\","    background: #ddd;\\n\\","}\\n\\","</style>\\n\\","</head>\\n\\","<body>\\n\\","<!-- utility2-comment\\n\\","<div id=\"ajaxProgressDiv1\" style=\"background: #d00; height: 2px; left: 0; margin: 0; padding: 0; position: fixed; top: 0; transition: background 0.5s, width 1.5s; width: 25%;\"></div>\\n\\","utility2-comment -->\\n\\","<h1>\\n\\","<!-- utility2-comment\\n\\","    <a\\n\\","        {{#if env.npm_package_homepage}}\\n\\","        href=\"{{env.npm_package_homepage}}\"\\n\\","        {{/if env.npm_package_homepage}}\\n\\","        target=\"_blank\"\\n\\","    >\\n\\","utility2-comment -->\\n\\","        {{env.npm_package_name}} (v{{env.npm_package_version}})\\n\\","<!-- utility2-comment\\n\\","    </a>\\n\\","utility2-comment -->\\n\\","</h1>\\n\\","<h3>{{env.npm_package_description}}</h3>\\n\\","<!-- utility2-comment\\n\\","<h4><a download href=\"assets.app.js\">download standalone app</a></h4>\\n\\","<button class=\"onclick onreset\" id=\"testRunButton1\">run internal test</button><br>\\n\\","<div id=\"testReportDiv1\" style=\"display: none;\"></div>\\n\\","utility2-comment -->\\n\\","\\n\\","\\n\\","\\n\\","<label>stderr and stdout</label>\\n\\","<textarea class=\"resettable\" id=\"outputTextareaStdout1\" readonly></textarea>\\n\\","<!-- utility2-comment\\n\\","{{#if isRollup}}\\n\\","<script src=\"assets.app.js\"></script>\\n\\","{{#unless isRollup}}\\n\\","utility2-comment -->\\n\\","<script src=\"assets.utility2.rollup.js\"></script>\\n\\","<script src=\"jsonp.utility2._stateInit?callback=window.utility2._stateInit\"></script>\\n\\","<script src=\"assets.npmtest_stream_http.rollup.js\"></script>\\n\\","<script src=\"assets.example.js\"></script>\\n\\","<script src=\"assets.test.js\"></script>\\n\\","<!-- utility2-comment\\n\\","{{/if isRollup}}\\n\\","utility2-comment -->\\n\\","<div class=\"utility2FooterDiv\">\\n\\","    [ this app was created with\\n\\","    <a href=\"https://github.com/kaizhu256/node-utility2\" target=\"_blank\">utility2</a>\\n\\","    ]\\n\\","</div>\\n\\","</body>\\n\\","</html>\\n\\","';","        /* jslint-ignore-end */","        if (local.templateRender) {","            local.assetsDict['/'] = local.templateRender(","                local.assetsDict['/assets.index.template.html'],","                {","                    env: local.objectSetDefault(local.env, {","                        npm_package_description: 'the greatest app in the world!',","                        npm_package_name: 'my-app',","                        npm_package_nameAlias: 'my_app',","                        npm_package_version: '0.0.1'","                    })","                }","            );","        } else {","            local.assetsDict['/'] = local.assetsDict['/assets.index.template.html']","                .replace((/\\{\\{env\\.(\\w+?)\\}\\}/g), function (match0, match1) {","                    // jslint-hack","                    String(match0);","                    switch (match1) {","                    case 'npm_package_description':","                        return 'the greatest app in the world!';","                    case 'npm_package_name':","                        return 'my-app';","                    case 'npm_package_nameAlias':","                        return 'my_app';","                    case 'npm_package_version':","                        return '0.0.1';","                    }","                });","        }","        // run the cli","        if (local.global.utility2_rollup || module !== require.main) {","            break;","        }","        local.assetsDict['/assets.example.js'] =","            local.assetsDict['/assets.example.js'] ||","            local.fs.readFileSync(__filename, 'utf8');","        // bug-workaround - long $npm_package_buildCustomOrg","        /* jslint-ignore-begin */","        local.assetsDict['/assets.npmtest_stream_http.rollup.js'] =","            local.assetsDict['/assets.npmtest_stream_http.rollup.js'] ||","            local.fs.readFileSync(","                local.npmtest_stream_http.__dirname + '/lib.npmtest_stream_http.js',","                'utf8'","            ).replace((/^#!/), '//');","        /* jslint-ignore-end */","        local.assetsDict['/favicon.ico'] = local.assetsDict['/favicon.ico'] || '';","        // if $npm_config_timeout_exit exists,","        // then exit this process after $npm_config_timeout_exit ms","        if (Number(process.env.npm_config_timeout_exit)) {","            setTimeout(process.exit, Number(process.env.npm_config_timeout_exit));","        }","        // start server","        if (local.global.utility2_serverHttp1) {","            break;","        }","        process.env.PORT = process.env.PORT || '8081';","        console.error('server starting on port ' + process.env.PORT);","        local.http.createServer(function (request, response) {","            request.urlParsed = local.url.parse(request.url);","            if (local.assetsDict[request.urlParsed.pathname] !== undefined) {","                response.end(local.assetsDict[request.urlParsed.pathname]);","                return;","            }","            response.statusCode = 404;","            response.end();","        }).listen(process.env.PORT);","        break;","    }","}());",""],"l":{"26":2,"28":2,"33":2,"35":2,"37":2,"38":2,"39":2,"44":1,"51":2,"55":2,"59":2,"61":2,"69":1,"70":2,"76":2,"79":2,"82":2,"83":2,"85":1,"89":2,"92":1,"93":1,"94":1,"96":1,"97":1,"100":1,"101":1,"103":1,"106":1,"108":2,"114":1,"116":1,"118":1,"123":1,"124":2,"125":2,"126":3,"127":3,"128":3,"129":3,"130":1,"133":3,"134":3,"139":3,"143":1,"144":3,"145":1,"149":1,"150":1,"158":1,"160":1,"161":1,"162":1,"164":1,"166":1,"258":1,"259":1,"271":1,"274":6,"275":6,"277":1,"279":2,"281":1,"283":2,"288":1,"289":1,"291":1,"296":1,"303":1,"306":1,"307":1,"310":1,"311":1,"313":1,"314":1,"315":1,"316":1,"317":1,"318":1,"319":1,"321":1,"322":1,"324":1}},"/home/travis/build/npmtest/node-npmtest-stream-http/node_modules/stream-http/index.js":{"path":"/home/travis/build/npmtest/node-npmtest-stream-http/node_modules/stream-http/index.js","s":{"1":1,"2":1,"3":1,"4":1,"5":1,"6":1,"7":0,"8":0,"9":0,"10":0,"11":0,"12":0,"13":0,"14":0,"15":0,"16":0,"17":0,"18":0,"19":0,"20":0,"21":0,"22":0,"23":0,"24":1,"25":0,"26":0,"27":0,"28":1,"29":1,"30":1,"31":1},"b":{"1":[0,0],"2":[0,0],"3":[0,0],"4":[0,0],"5":[0,0],"6":[0,0],"7":[0,0],"8":[0,0],"9":[0,0],"10":[0,0],"11":[0,0],"12":[0,0]},"f":{"1":0,"2":0,"3":0},"fnMap":{"1":{"name":"(anonymous_1)","line":8,"loc":{"start":{"line":8,"column":15},"end":{"line":8,"column":35}}},"2":{"name":"get","line":41,"loc":{"start":{"line":41,"column":11},"end":{"line":41,"column":35}}},"3":{"name":"(anonymous_3)","line":47,"loc":{"start":{"line":47,"column":13},"end":{"line":47,"column":25}}}},"statementMap":{"1":{"start":{"line":1,"column":0},"end":{"line":1,"column":44}},"2":{"start":{"line":2,"column":0},"end":{"line":2,"column":29}},"3":{"start":{"line":3,"column":0},"end":{"line":3,"column":49}},"4":{"start":{"line":4,"column":0},"end":{"line":4,"column":24}},"5":{"start":{"line":6,"column":0},"end":{"line":6,"column":18}},"6":{"start":{"line":8,"column":0},"end":{"line":39,"column":1}},"7":{"start":{"line":9,"column":1},"end":{"line":12,"column":21}},"8":{"start":{"line":10,"column":2},"end":{"line":10,"column":24}},"9":{"start":{"line":12,"column":2},"end":{"line":12,"column":21}},"10":{"start":{"line":17,"column":1},"end":{"line":17,"column":89}},"11":{"start":{"line":19,"column":1},"end":{"line":19,"column":48}},"12":{"start":{"line":20,"column":1},"end":{"line":20,"column":38}},"13":{"start":{"line":21,"column":1},"end":{"line":21,"column":21}},"14":{"start":{"line":22,"column":1},"end":{"line":22,"column":28}},"15":{"start":{"line":25,"column":1},"end":{"line":26,"column":25}},"16":{"start":{"line":26,"column":2},"end":{"line":26,"column":25}},"17":{"start":{"line":29,"column":1},"end":{"line":29,"column":84}},"18":{"start":{"line":30,"column":1},"end":{"line":30,"column":51}},"19":{"start":{"line":31,"column":1},"end":{"line":31,"column":34}},"20":{"start":{"line":35,"column":1},"end":{"line":35,"column":34}},"21":{"start":{"line":36,"column":1},"end":{"line":37,"column":24}},"22":{"start":{"line":37,"column":2},"end":{"line":37,"column":24}},"23":{"start":{"line":38,"column":1},"end":{"line":38,"column":11}},"24":{"start":{"line":41,"column":0},"end":{"line":45,"column":1}},"25":{"start":{"line":42,"column":1},"end":{"line":42,"column":33}},"26":{"start":{"line":43,"column":1},"end":{"line":43,"column":10}},"27":{"start":{"line":44,"column":1},"end":{"line":44,"column":11}},"28":{"start":{"line":47,"column":0},"end":{"line":47,"column":27}},"29":{"start":{"line":48,"column":0},"end":{"line":48,"column":32}},"30":{"start":{"line":50,"column":0},"end":{"line":50,"column":31}},"31":{"start":{"line":52,"column":0},"end":{"line":79,"column":1}}},"branchMap":{"1":{"line":9,"type":"if","locations":[{"start":{"line":9,"column":1},"end":{"line":9,"column":1}},{"start":{"line":9,"column":1},"end":{"line":9,"column":1}}]},"2":{"line":17,"type":"cond-expr","locations":[{"start":{"line":17,"column":77},"end":{"line":17,"column":84}},{"start":{"line":17,"column":87},"end":{"line":17,"column":89}}]},"3":{"line":19,"type":"binary-expr","locations":[{"start":{"line":19,"column":16},"end":{"line":19,"column":29}},{"start":{"line":19,"column":33},"end":{"line":19,"column":48}}]},"4":{"line":20,"type":"binary-expr","locations":[{"start":{"line":20,"column":12},"end":{"line":20,"column":25}},{"start":{"line":20,"column":29},"end":{"line":20,"column":38}}]},"5":{"line":22,"type":"binary-expr","locations":[{"start":{"line":22,"column":12},"end":{"line":22,"column":21}},{"start":{"line":22,"column":25},"end":{"line":22,"column":28}}]},"6":{"line":25,"type":"if","locations":[{"start":{"line":25,"column":1},"end":{"line":25,"column":1}},{"start":{"line":25,"column":1},"end":{"line":25,"column":1}}]},"7":{"line":25,"type":"binary-expr","locations":[{"start":{"line":25,"column":5},"end":{"line":25,"column":9}},{"start":{"line":25,"column":13},"end":{"line":25,"column":37}}]},"8":{"line":29,"type":"cond-expr","locations":[{"start":{"line":29,"column":21},"end":{"line":29,"column":43}},{"start":{"line":29,"column":47},"end":{"line":29,"column":49}}]},"9":{"line":29,"type":"cond-expr","locations":[{"start":{"line":29,"column":61},"end":{"line":29,"column":71}},{"start":{"line":29,"column":74},"end":{"line":29,"column":76}}]},"10":{"line":30,"type":"binary-expr","locations":[{"start":{"line":30,"column":16},"end":{"line":30,"column":27}},{"start":{"line":30,"column":31},"end":{"line":30,"column":36}}]},"11":{"line":31,"type":"binary-expr","locations":[{"start":{"line":31,"column":16},"end":{"line":31,"column":28}},{"start":{"line":31,"column":32},"end":{"line":31,"column":34}}]},"12":{"line":36,"type":"if","locations":[{"start":{"line":36,"column":1},"end":{"line":36,"column":1}},{"start":{"line":36,"column":1},"end":{"line":36,"column":1}}]}},"code":["var ClientRequest = require('./lib/request')","var extend = require('xtend')","var statusCodes = require('builtin-status-codes')","var url = require('url')","","var http = exports","","http.request = function (opts, cb) {","\tif (typeof opts === 'string')","\t\topts = url.parse(opts)","\telse","\t\topts = extend(opts)","","\t// Normally, the page is loaded from http or https, so not specifying a protocol","\t// will result in a (valid) protocol-relative url. However, this won't work if","\t// the protocol is something else, like 'file:'","\tvar defaultProtocol = global.location.protocol.search(/^https?:$/) === -1 ? 'http:' : ''","","\tvar protocol = opts.protocol || defaultProtocol","\tvar host = opts.hostname || opts.host","\tvar port = opts.port","\tvar path = opts.path || '/'","","\t// Necessary for IPv6 addresses","\tif (host && host.indexOf(':') !== -1)","\t\thost = '[' + host + ']'","","\t// This may be a relative url. The browser should always be able to interpret it correctly.","\topts.url = (host ? (protocol + '//' + host) : '') + (port ? ':' + port : '') + path","\topts.method = (opts.method || 'GET').toUpperCase()","\topts.headers = opts.headers || {}","","\t// Also valid opts.auth, opts.mode","","\tvar req = new ClientRequest(opts)","\tif (cb)","\t\treq.on('response', cb)","\treturn req","}","","http.get = function get (opts, cb) {","\tvar req = http.request(opts, cb)","\treq.end()","\treturn req","}","","http.Agent = function () {}","http.Agent.defaultMaxSockets = 4","","http.STATUS_CODES = statusCodes","","http.METHODS = [","\t'CHECKOUT',","\t'CONNECT',","\t'COPY',","\t'DELETE',","\t'GET',","\t'HEAD',","\t'LOCK',","\t'M-SEARCH',","\t'MERGE',","\t'MKACTIVITY',","\t'MKCOL',","\t'MOVE',","\t'NOTIFY',","\t'OPTIONS',","\t'PATCH',","\t'POST',","\t'PROPFIND',","\t'PROPPATCH',","\t'PURGE',","\t'PUT',","\t'REPORT',","\t'SEARCH',","\t'SUBSCRIBE',","\t'TRACE',","\t'UNLOCK',","\t'UNSUBSCRIBE'","]"],"l":{"1":1,"2":1,"3":1,"4":1,"6":1,"8":1,"9":0,"10":0,"12":0,"17":0,"19":0,"20":0,"21":0,"22":0,"25":0,"26":0,"29":0,"30":0,"31":0,"35":0,"36":0,"37":0,"38":0,"41":1,"42":0,"43":0,"44":0,"47":1,"48":1,"50":1,"52":1}},"/home/travis/build/npmtest/node-npmtest-stream-http/node_modules/stream-http/lib/request.js":{"path":"/home/travis/build/npmtest/node-npmtest-stream-http/node_modules/stream-http/lib/request.js","s":{"1":1,"2":1,"3":1,"4":1,"5":1,"6":1,"7":1,"8":1,"9":0,"10":0,"11":0,"12":0,"13":0,"14":0,"15":0,"16":0,"17":0,"18":0,"19":0,"20":1,"21":0,"22":0,"23":0,"24":0,"25":0,"26":0,"27":0,"28":0,"29":0,"30":0,"31":0,"32":0,"33":0,"34":0,"35":0,"36":0,"37":0,"38":0,"39":0,"40":0,"41":0,"42":0,"43":0,"44":0,"45":1,"46":1,"47":0,"48":0,"49":0,"50":0,"51":0,"52":1,"53":0,"54":0,"55":1,"56":0,"57":0,"58":1,"59":0,"60":0,"61":0,"62":0,"63":0,"64":0,"65":0,"66":0,"67":0,"68":0,"69":0,"70":0,"71":0,"72":0,"73":0,"74":0,"75":0,"76":0,"77":0,"78":0,"79":0,"80":0,"81":0,"82":0,"83":0,"84":0,"85":0,"86":0,"87":0,"88":0,"89":0,"90":0,"91":0,"92":0,"93":0,"94":0,"95":0,"96":0,"97":0,"98":0,"99":0,"100":0,"101":0,"102":0,"103":0,"104":0,"105":0,"106":0,"107":0,"108":0,"109":0,"110":0,"111":0,"112":0,"113":0,"114":0,"115":0,"116":0,"117":0,"118":1,"119":0,"120":0,"121":0,"122":0,"123":1,"124":0,"125":0,"126":0,"127":0,"128":0,"129":0,"130":1,"131":0,"132":0,"133":0,"134":0,"135":0,"136":0,"137":0,"138":1,"139":0,"140":0,"141":0,"142":1,"143":0,"144":0,"145":0,"146":0,"147":0,"148":0,"149":1,"150":0,"151":0,"152":0,"153":0,"154":0,"155":1,"156":1,"157":1,"158":1,"159":1},"b":{"1":[0,0],"2":[0,0],"3":[0,0],"4":[0,0],"5":[0,0],"6":[0,0],"7":[0,0],"8":[0,0],"9":[0,0],"10":[0,0],"11":[0,0],"12":[0,0],"13":[0,0],"14":[0,0],"15":[0,0,0],"16":[0,0],"17":[0,0],"18":[0,0],"19":[0,0],"20":[0,0],"21":[0,0],"22":[0,0],"23":[0,0],"24":[0,0],"25":[0,0],"26":[0,0],"27":[0,0],"28":[0,0],"29":[0,0],"30":[0,0],"31":[0,0],"32":[0,0],"33":[0,0],"34":[0,0],"35":[0,0],"36":[0,0],"37":[0,0],"38":[0,0],"39":[0,0],"40":[0,0],"41":[0,0],"42":[0,0]},"f":{"1":0,"2":0,"3":0,"4":0,"5":0,"6":0,"7":0,"8":0,"9":0,"10":0,"11":0,"12":0,"13":0,"14":0,"15":0,"16":0,"17":0,"18":0,"19":0,"20":0,"21":0,"22":0,"23":0,"24":0,"25":0,"26":0,"27":0,"28":0,"29":0,"30":0,"31":0},"fnMap":{"1":{"name":"decideMode","line":10,"loc":{"start":{"line":10,"column":0},"end":{"line":10,"column":45}}},"2":{"name":"(anonymous_2)","line":26,"loc":{"start":{"line":26,"column":37},"end":{"line":26,"column":53}}},"3":{"name":"(anonymous_3)","line":35,"loc":{"start":{"line":35,"column":35},"end":{"line":35,"column":51}}},"4":{"name":"(anonymous_4)","line":61,"loc":{"start":{"line":61,"column":19},"end":{"line":61,"column":31}}},"5":{"name":"(anonymous_5)","line":68,"loc":{"start":{"line":68,"column":36},"end":{"line":68,"column":59}}},"6":{"name":"(anonymous_6)","line":83,"loc":{"start":{"line":83,"column":36},"end":{"line":83,"column":52}}},"7":{"name":"(anonymous_7)","line":88,"loc":{"start":{"line":88,"column":39},"end":{"line":88,"column":55}}},"8":{"name":"(anonymous_8)","line":93,"loc":{"start":{"line":93,"column":36},"end":{"line":93,"column":48}}},"9":{"name":"(anonymous_9)","line":104,"loc":{"start":{"line":104,"column":41},"end":{"line":104,"column":59}}},"10":{"name":"(anonymous_10)","line":117,"loc":{"start":{"line":117,"column":33},"end":{"line":117,"column":52}}},"11":{"name":"(anonymous_11)","line":121,"loc":{"start":{"line":121,"column":17},"end":{"line":121,"column":30}}},"12":{"name":"(anonymous_12)","line":136,"loc":{"start":{"line":136,"column":10},"end":{"line":136,"column":30}}},"13":{"name":"(anonymous_13)","line":139,"loc":{"start":{"line":139,"column":5},"end":{"line":139,"column":23}}},"14":{"name":"(anonymous_14)","line":147,"loc":{"start":{"line":147,"column":20},"end":{"line":147,"column":32}}},"15":{"name":"(anonymous_15)","line":165,"loc":{"start":{"line":165,"column":19},"end":{"line":165,"column":31}}},"16":{"name":"(anonymous_16)","line":170,"loc":{"start":{"line":170,"column":22},"end":{"line":170,"column":40}}},"17":{"name":"(anonymous_17)","line":175,"loc":{"start":{"line":175,"column":27},"end":{"line":175,"column":39}}},"18":{"name":"(anonymous_18)","line":186,"loc":{"start":{"line":186,"column":20},"end":{"line":186,"column":32}}},"19":{"name":"(anonymous_19)","line":191,"loc":{"start":{"line":191,"column":16},"end":{"line":191,"column":28}}},"20":{"name":"(anonymous_20)","line":200,"loc":{"start":{"line":200,"column":20},"end":{"line":200,"column":32}}},"21":{"name":"statusValid","line":213,"loc":{"start":{"line":213,"column":0},"end":{"line":213,"column":27}}},"22":{"name":"(anonymous_22)","line":222,"loc":{"start":{"line":222,"column":41},"end":{"line":222,"column":53}}},"23":{"name":"(anonymous_23)","line":234,"loc":{"start":{"line":234,"column":35},"end":{"line":234,"column":47}}},"24":{"name":"(anonymous_24)","line":241,"loc":{"start":{"line":241,"column":28},"end":{"line":241,"column":42}}},"25":{"name":"(anonymous_25)","line":248,"loc":{"start":{"line":248,"column":33},"end":{"line":248,"column":64}}},"26":{"name":"(anonymous_26)","line":255,"loc":{"start":{"line":255,"column":66},"end":{"line":255,"column":78}}},"27":{"name":"(anonymous_27)","line":266,"loc":{"start":{"line":266,"column":30},"end":{"line":266,"column":60}}},"28":{"name":"(anonymous_28)","line":276,"loc":{"start":{"line":276,"column":39},"end":{"line":276,"column":51}}},"29":{"name":"(anonymous_29)","line":277,"loc":{"start":{"line":277,"column":37},"end":{"line":277,"column":49}}},"30":{"name":"(anonymous_30)","line":278,"loc":{"start":{"line":278,"column":37},"end":{"line":278,"column":49}}},"31":{"name":"(anonymous_31)","line":279,"loc":{"start":{"line":279,"column":45},"end":{"line":279,"column":57}}}},"statementMap":{"1":{"start":{"line":1,"column":0},"end":{"line":1,"column":40}},"2":{"start":{"line":2,"column":0},"end":{"line":2,"column":34}},"3":{"start":{"line":3,"column":0},"end":{"line":3,"column":36}},"4":{"start":{"line":4,"column":0},"end":{"line":4,"column":39}},"5":{"start":{"line":5,"column":0},"end":{"line":5,"column":45}},"6":{"start":{"line":7,"column":0},"end":{"line":7,"column":46}},"7":{"start":{"line":8,"column":0},"end":{"line":8,"column":34}},"8":{"start":{"line":10,"column":0},"end":{"line":24,"column":1}},"9":{"start":{"line":11,"column":1},"end":{"line":23,"column":2}},"10":{"start":{"line":12,"column":2},"end":{"line":12,"column":16}},"11":{"start":{"line":13,"column":8},"end":{"line":23,"column":2}},"12":{"start":{"line":14,"column":2},"end":{"line":14,"column":34}},"13":{"start":{"line":15,"column":8},"end":{"line":23,"column":2}},"14":{"start":{"line":16,"column":2},"end":{"line":16,"column":20}},"15":{"start":{"line":17,"column":8},"end":{"line":23,"column":2}},"16":{"start":{"line":18,"column":2},"end":{"line":18,"column":22}},"17":{"start":{"line":19,"column":8},"end":{"line":23,"column":2}},"18":{"start":{"line":20,"column":2},"end":{"line":20,"column":23}},"19":{"start":{"line":22,"column":2},"end":{"line":22,"column":15}},"20":{"start":{"line":26,"column":0},"end":{"line":64,"column":1}},"21":{"start":{"line":27,"column":1},"end":{"line":27,"column":16}},"22":{"start":{"line":28,"column":1},"end":{"line":28,"column":27}},"23":{"start":{"line":30,"column":1},"end":{"line":30,"column":18}},"24":{"start":{"line":31,"column":1},"end":{"line":31,"column":16}},"25":{"start":{"line":32,"column":1},"end":{"line":32,"column":19}},"26":{"start":{"line":33,"column":1},"end":{"line":34,"column":86}},"27":{"start":{"line":34,"column":2},"end":{"line":34,"column":86}},"28":{"start":{"line":35,"column":1},"end":{"line":37,"column":3}},"29":{"start":{"line":36,"column":2},"end":{"line":36,"column":42}},"30":{"start":{"line":39,"column":1},"end":{"line":39,"column":17}},"31":{"start":{"line":40,"column":1},"end":{"line":40,"column":20}},"32":{"start":{"line":41,"column":1},"end":{"line":58,"column":2}},"33":{"start":{"line":44,"column":2},"end":{"line":44,"column":18}},"34":{"start":{"line":45,"column":2},"end":{"line":45,"column":21}},"35":{"start":{"line":46,"column":8},"end":{"line":58,"column":2}},"36":{"start":{"line":49,"column":2},"end":{"line":49,"column":22}},"37":{"start":{"line":50,"column":8},"end":{"line":58,"column":2}},"38":{"start":{"line":52,"column":2},"end":{"line":52,"column":45}},"39":{"start":{"line":53,"column":8},"end":{"line":58,"column":2}},"40":{"start":{"line":55,"column":2},"end":{"line":55,"column":21}},"41":{"start":{"line":57,"column":2},"end":{"line":57,"column":48}},"42":{"start":{"line":59,"column":1},"end":{"line":59,"column":48}},"43":{"start":{"line":61,"column":1},"end":{"line":63,"column":3}},"44":{"start":{"line":62,"column":2},"end":{"line":62,"column":18}},"45":{"start":{"line":66,"column":0},"end":{"line":66,"column":40}},"46":{"start":{"line":68,"column":0},"end":{"line":81,"column":1}},"47":{"start":{"line":69,"column":1},"end":{"line":69,"column":16}},"48":{"start":{"line":70,"column":1},"end":{"line":70,"column":35}},"49":{"start":{"line":74,"column":1},"end":{"line":75,"column":8}},"50":{"start":{"line":75,"column":2},"end":{"line":75,"column":8}},"51":{"start":{"line":77,"column":1},"end":{"line":80,"column":2}},"52":{"start":{"line":83,"column":0},"end":{"line":86,"column":1}},"53":{"start":{"line":84,"column":1},"end":{"line":84,"column":16}},"54":{"start":{"line":85,"column":1},"end":{"line":85,"column":47}},"55":{"start":{"line":88,"column":0},"end":{"line":91,"column":1}},"56":{"start":{"line":89,"column":1},"end":{"line":89,"column":16}},"57":{"start":{"line":90,"column":1},"end":{"line":90,"column":41}},"58":{"start":{"line":93,"column":0},"end":{"line":206,"column":1}},"59":{"start":{"line":94,"column":1},"end":{"line":94,"column":16}},"60":{"start":{"line":96,"column":1},"end":{"line":97,"column":8}},"61":{"start":{"line":97,"column":2},"end":{"line":97,"column":8}},"62":{"start":{"line":98,"column":1},"end":{"line":98,"column":22}},"63":{"start":{"line":100,"column":1},"end":{"line":100,"column":31}},"64":{"start":{"line":101,"column":1},"end":{"line":101,"column":16}},"65":{"start":{"line":102,"column":1},"end":{"line":113,"column":2}},"66":{"start":{"line":103,"column":2},"end":{"line":112,"column":3}},"67":{"start":{"line":104,"column":3},"end":{"line":108,"column":5}},"68":{"start":{"line":105,"column":4},"end":{"line":105,"column":32}},"69":{"start":{"line":111,"column":3},"end":{"line":111,"column":46}},"70":{"start":{"line":116,"column":1},"end":{"line":116,"column":21}},"71":{"start":{"line":117,"column":1},"end":{"line":127,"column":3}},"72":{"start":{"line":118,"column":2},"end":{"line":118,"column":37}},"73":{"start":{"line":119,"column":2},"end":{"line":119,"column":39}},"74":{"start":{"line":120,"column":2},"end":{"line":126,"column":3}},"75":{"start":{"line":121,"column":3},"end":{"line":123,"column":5}},"76":{"start":{"line":122,"column":4},"end":{"line":122,"column":31}},"77":{"start":{"line":125,"column":3},"end":{"line":125,"column":34}},"78":{"start":{"line":129,"column":1},"end":{"line":205,"column":2}},"79":{"start":{"line":130,"column":2},"end":{"line":141,"column":4}},"80":{"start":{"line":137,"column":3},"end":{"line":137,"column":33}},"81":{"start":{"line":138,"column":3},"end":{"line":138,"column":18}},"82":{"start":{"line":140,"column":3},"end":{"line":140,"column":29}},"83":{"start":{"line":143,"column":2},"end":{"line":143,"column":51}},"84":{"start":{"line":144,"column":2},"end":{"line":151,"column":3}},"85":{"start":{"line":145,"column":3},"end":{"line":145,"column":52}},"86":{"start":{"line":147,"column":3},"end":{"line":149,"column":5}},"87":{"start":{"line":148,"column":4},"end":{"line":148,"column":27}},"88":{"start":{"line":150,"column":3},"end":{"line":150,"column":9}},"89":{"start":{"line":154,"column":2},"end":{"line":155,"column":46}},"90":{"start":{"line":155,"column":3},"end":{"line":155,"column":46}},"91":{"start":{"line":157,"column":2},"end":{"line":158,"column":47}},"92":{"start":{"line":158,"column":3},"end":{"line":158,"column":47}},"93":{"start":{"line":160,"column":2},"end":{"line":161,"column":61}},"94":{"start":{"line":161,"column":3},"end":{"line":161,"column":61}},"95":{"start":{"line":163,"column":2},"end":{"line":168,"column":3}},"96":{"start":{"line":164,"column":3},"end":{"line":164,"column":29}},"97":{"start":{"line":165,"column":3},"end":{"line":167,"column":4}},"98":{"start":{"line":166,"column":4},"end":{"line":166,"column":24}},"99":{"start":{"line":170,"column":2},"end":{"line":172,"column":4}},"100":{"start":{"line":171,"column":3},"end":{"line":171,"column":45}},"101":{"start":{"line":174,"column":2},"end":{"line":174,"column":23}},"102":{"start":{"line":175,"column":2},"end":{"line":182,"column":3}},"103":{"start":{"line":176,"column":3},"end":{"line":181,"column":4}},"104":{"start":{"line":179,"column":5},"end":{"line":179,"column":26}},"105":{"start":{"line":180,"column":5},"end":{"line":180,"column":10}},"106":{"start":{"line":185,"column":2},"end":{"line":189,"column":3}},"107":{"start":{"line":186,"column":3},"end":{"line":188,"column":4}},"108":{"start":{"line":187,"column":4},"end":{"line":187,"column":25}},"109":{"start":{"line":191,"column":2},"end":{"line":195,"column":3}},"110":{"start":{"line":192,"column":3},"end":{"line":193,"column":10}},"111":{"start":{"line":193,"column":4},"end":{"line":193,"column":10}},"112":{"start":{"line":194,"column":3},"end":{"line":194,"column":45}},"113":{"start":{"line":197,"column":2},"end":{"line":204,"column":3}},"114":{"start":{"line":198,"column":3},"end":{"line":198,"column":17}},"115":{"start":{"line":200,"column":3},"end":{"line":202,"column":5}},"116":{"start":{"line":201,"column":4},"end":{"line":201,"column":27}},"117":{"start":{"line":203,"column":3},"end":{"line":203,"column":9}},"118":{"start":{"line":213,"column":0},"end":{"line":220,"column":1}},"119":{"start":{"line":214,"column":1},"end":{"line":219,"column":2}},"120":{"start":{"line":215,"column":2},"end":{"line":215,"column":25}},"121":{"start":{"line":216,"column":2},"end":{"line":216,"column":42}},"122":{"start":{"line":218,"column":2},"end":{"line":218,"column":14}},"123":{"start":{"line":222,"column":0},"end":{"line":232,"column":1}},"124":{"start":{"line":223,"column":1},"end":{"line":223,"column":16}},"125":{"start":{"line":225,"column":1},"end":{"line":226,"column":8}},"126":{"start":{"line":226,"column":2},"end":{"line":226,"column":8}},"127":{"start":{"line":228,"column":1},"end":{"line":229,"column":17}},"128":{"start":{"line":229,"column":2},"end":{"line":229,"column":17}},"129":{"start":{"line":231,"column":1},"end":{"line":231,"column":32}},"130":{"start":{"line":234,"column":0},"end":{"line":246,"column":1}},"131":{"start":{"line":235,"column":1},"end":{"line":235,"column":16}},"132":{"start":{"line":237,"column":1},"end":{"line":238,"column":8}},"133":{"start":{"line":238,"column":2},"end":{"line":238,"column":8}},"134":{"start":{"line":240,"column":1},"end":{"line":240,"column":81}},"135":{"start":{"line":241,"column":1},"end":{"line":243,"column":3}},"136":{"start":{"line":242,"column":2},"end":{"line":242,"column":25}},"137":{"start":{"line":245,"column":1},"end":{"line":245,"column":38}},"138":{"start":{"line":248,"column":0},"end":{"line":253,"column":1}},"139":{"start":{"line":249,"column":1},"end":{"line":249,"column":16}},"140":{"start":{"line":251,"column":1},"end":{"line":251,"column":23}},"141":{"start":{"line":252,"column":1},"end":{"line":252,"column":5}},"142":{"start":{"line":255,"column":0},"end":{"line":264,"column":1}},"143":{"start":{"line":256,"column":1},"end":{"line":256,"column":16}},"144":{"start":{"line":257,"column":1},"end":{"line":257,"column":23}},"145":{"start":{"line":258,"column":1},"end":{"line":259,"column":34}},"146":{"start":{"line":259,"column":2},"end":{"line":259,"column":34}},"147":{"start":{"line":260,"column":1},"end":{"line":261,"column":19}},"148":{"start":{"line":261,"column":2},"end":{"line":261,"column":19}},"149":{"start":{"line":266,"column":0},"end":{"line":274,"column":1}},"150":{"start":{"line":267,"column":1},"end":{"line":267,"column":16}},"151":{"start":{"line":268,"column":1},"end":{"line":271,"column":2}},"152":{"start":{"line":269,"column":2},"end":{"line":269,"column":11}},"153":{"start":{"line":270,"column":2},"end":{"line":270,"column":18}},"154":{"start":{"line":273,"column":1},"end":{"line":273,"column":61}},"155":{"start":{"line":276,"column":0},"end":{"line":276,"column":53}},"156":{"start":{"line":277,"column":0},"end":{"line":277,"column":51}},"157":{"start":{"line":278,"column":0},"end":{"line":278,"column":51}},"158":{"start":{"line":279,"column":0},"end":{"line":279,"column":59}},"159":{"start":{"line":282,"column":0},"end":{"line":304,"column":1}}},"branchMap":{"1":{"line":11,"type":"if","locations":[{"start":{"line":11,"column":1},"end":{"line":11,"column":1}},{"start":{"line":11,"column":1},"end":{"line":11,"column":1}}]},"2":{"line":11,"type":"binary-expr","locations":[{"start":{"line":11,"column":5},"end":{"line":11,"column":21}},{"start":{"line":11,"column":25},"end":{"line":11,"column":33}}]},"3":{"line":13,"type":"if","locations":[{"start":{"line":13,"column":8},"end":{"line":13,"column":8}},{"start":{"line":13,"column":8},"end":{"line":13,"column":8}}]},"4":{"line":15,"type":"if","locations":[{"start":{"line":15,"column":8},"end":{"line":15,"column":8}},{"start":{"line":15,"column":8},"end":{"line":15,"column":8}}]},"5":{"line":17,"type":"if","locations":[{"start":{"line":17,"column":8},"end":{"line":17,"column":8}},{"start":{"line":17,"column":8},"end":{"line":17,"column":8}}]},"6":{"line":17,"type":"binary-expr","locations":[{"start":{"line":17,"column":12},"end":{"line":17,"column":34}},{"start":{"line":17,"column":38},"end":{"line":17,"column":50}}]},"7":{"line":19,"type":"if","locations":[{"start":{"line":19,"column":8},"end":{"line":19,"column":8}},{"start":{"line":19,"column":8},"end":{"line":19,"column":8}}]},"8":{"line":19,"type":"binary-expr","locations":[{"start":{"line":19,"column":12},"end":{"line":19,"column":30}},{"start":{"line":19,"column":34},"end":{"line":19,"column":46}}]},"9":{"line":33,"type":"if","locations":[{"start":{"line":33,"column":1},"end":{"line":33,"column":1}},{"start":{"line":33,"column":1},"end":{"line":33,"column":1}}]},"10":{"line":41,"type":"if","locations":[{"start":{"line":41,"column":1},"end":{"line":41,"column":1}},{"start":{"line":41,"column":1},"end":{"line":41,"column":1}}]},"11":{"line":41,"type":"binary-expr","locations":[{"start":{"line":41,"column":5},"end":{"line":41,"column":34}},{"start":{"line":41,"column":38},"end":{"line":41,"column":55}}]},"12":{"line":46,"type":"if","locations":[{"start":{"line":46,"column":8},"end":{"line":46,"column":8}},{"start":{"line":46,"column":8},"end":{"line":46,"column":8}}]},"13":{"line":50,"type":"if","locations":[{"start":{"line":50,"column":8},"end":{"line":50,"column":8}},{"start":{"line":50,"column":8},"end":{"line":50,"column":8}}]},"14":{"line":53,"type":"if","locations":[{"start":{"line":53,"column":8},"end":{"line":53,"column":8}},{"start":{"line":53,"column":8},"end":{"line":53,"column":8}}]},"15":{"line":53,"type":"binary-expr","locations":[{"start":{"line":53,"column":12},"end":{"line":53,"column":22}},{"start":{"line":53,"column":26},"end":{"line":53,"column":49}},{"start":{"line":53,"column":53},"end":{"line":53,"column":80}}]},"16":{"line":74,"type":"if","locations":[{"start":{"line":74,"column":1},"end":{"line":74,"column":1}},{"start":{"line":74,"column":1},"end":{"line":74,"column":1}}]},"17":{"line":96,"type":"if","locations":[{"start":{"line":96,"column":1},"end":{"line":96,"column":1}},{"start":{"line":96,"column":1},"end":{"line":96,"column":1}}]},"18":{"line":102,"type":"if","locations":[{"start":{"line":102,"column":1},"end":{"line":102,"column":1}},{"start":{"line":102,"column":1},"end":{"line":102,"column":1}}]},"19":{"line":102,"type":"binary-expr","locations":[{"start":{"line":102,"column":5},"end":{"line":102,"column":26}},{"start":{"line":102,"column":30},"end":{"line":102,"column":52}}]},"20":{"line":103,"type":"if","locations":[{"start":{"line":103,"column":2},"end":{"line":103,"column":2}},{"start":{"line":103,"column":2},"end":{"line":103,"column":2}}]},"21":{"line":107,"type":"binary-expr","locations":[{"start":{"line":107,"column":10},"end":{"line":107,"column":50}},{"start":{"line":107,"column":54},"end":{"line":107,"column":56}}]},"22":{"line":107,"type":"binary-expr","locations":[{"start":{"line":107,"column":11},"end":{"line":107,"column":37}},{"start":{"line":107,"column":41},"end":{"line":107,"column":43}}]},"23":{"line":120,"type":"if","locations":[{"start":{"line":120,"column":2},"end":{"line":120,"column":2}},{"start":{"line":120,"column":2},"end":{"line":120,"column":2}}]},"24":{"line":129,"type":"if","locations":[{"start":{"line":129,"column":1},"end":{"line":129,"column":1}},{"start":{"line":129,"column":1},"end":{"line":129,"column":1}}]},"25":{"line":133,"type":"binary-expr","locations":[{"start":{"line":133,"column":9},"end":{"line":133,"column":13}},{"start":{"line":133,"column":17},"end":{"line":133,"column":26}}]},"26":{"line":135,"type":"cond-expr","locations":[{"start":{"line":135,"column":39},"end":{"line":135,"column":48}},{"start":{"line":135,"column":51},"end":{"line":135,"column":64}}]},"27":{"line":154,"type":"if","locations":[{"start":{"line":154,"column":2},"end":{"line":154,"column":2}},{"start":{"line":154,"column":2},"end":{"line":154,"column":2}}]},"28":{"line":157,"type":"if","locations":[{"start":{"line":157,"column":2},"end":{"line":157,"column":2}},{"start":{"line":157,"column":2},"end":{"line":157,"column":2}}]},"29":{"line":160,"type":"if","locations":[{"start":{"line":160,"column":2},"end":{"line":160,"column":2}},{"start":{"line":160,"column":2},"end":{"line":160,"column":2}}]},"30":{"line":160,"type":"binary-expr","locations":[{"start":{"line":160,"column":6},"end":{"line":160,"column":27}},{"start":{"line":160,"column":31},"end":{"line":160,"column":56}}]},"31":{"line":163,"type":"if","locations":[{"start":{"line":163,"column":2},"end":{"line":163,"column":2}},{"start":{"line":163,"column":2},"end":{"line":163,"column":2}}]},"32":{"line":176,"type":"switch","locations":[{"start":{"line":177,"column":4},"end":{"line":177,"column":25}},{"start":{"line":178,"column":4},"end":{"line":180,"column":10}}]},"33":{"line":185,"type":"if","locations":[{"start":{"line":185,"column":2},"end":{"line":185,"column":2}},{"start":{"line":185,"column":2},"end":{"line":185,"column":2}}]},"34":{"line":192,"type":"if","locations":[{"start":{"line":192,"column":3},"end":{"line":192,"column":3}},{"start":{"line":192,"column":3},"end":{"line":192,"column":3}}]},"35":{"line":216,"type":"binary-expr","locations":[{"start":{"line":216,"column":10},"end":{"line":216,"column":25}},{"start":{"line":216,"column":29},"e
[...]
mode","\tself.headers = {}","\tself.rawHeaders = []","\tself.trailers = {}","\tself.rawTrailers = []","","\t// Fake the 'close' event, but only once 'end' fires","\tself.on('end', function () {","\t\t// The nextTick is necessary to prevent the 'request' module from causing an infinite loop","\t\tprocess.nextTick(function () {","\t\t\tself.emit('close')","\t\t})","\t})","","\tif (mode === 'fetch') {","\t\tself._fetchResponse = response","","\t\tself.url = response.url","\t\tself.statusCode = response.status","\t\tself.statusMessage = response.statusText","\t\t","\t\tresponse.headers.forEach(function(header, key){","\t\t\tself.headers[key.toLowerCase()] = header","\t\t\tself.rawHeaders.push(key, header)","\t\t})","","","\t\t// TODO: this doesn't respect backpressure. Once WritableStream is available, this can be fixed","\t\tvar reader = response.body.getReader()","\t\tfunction read () {","\t\t\treader.read().then(function (result) {","\t\t\t\tif (self._destroyed)","\t\t\t\t\treturn","\t\t\t\tif (result.done) {","\t\t\t\t\tself.push(null)","\t\t\t\t\treturn","\t\t\t\t}","\t\t\t\tself.push(new Buffer(result.value))","\t\t\t\tread()","\t\t\t}).catch(function(err) {","\t\t\t\tself.emit('error', err)","\t\t\t})","\t\t}","\t\tread()","","\t} else {","\t\tself._xhr = xhr","\t\tself._pos = 0","","\t\tself.url = xhr.responseURL","\t\tself.statusCode = xhr.status","\t\tself.statusMessage = xhr.statusText","\t\tvar headers = xhr.getAllResponseHeaders().split(/\\r?\\n/)","\t\theaders.forEach(function (header) {","\t\t\tvar matches = header.match(/^([^:]+):\\s*(.*)/)","\t\t\tif (matches) {","\t\t\t\tvar key = matches[1].toLowerCase()","\t\t\t\tif (key === 'set-cookie') {","\t\t\t\t\tif (self.headers[key] === undefined) {","\t\t\t\t\t\tself.headers[key] = []","\t\t\t\t\t}","\t\t\t\t\tself.headers[key].push(matches[2])","\t\t\t\t} else if (self.headers[key] !== undefined) {","\t\t\t\t\tself.headers[key] += ', ' + matches[2]","\t\t\t\t} else {","\t\t\t\t\tself.headers[key] = matches[2]","\t\t\t\t}","\t\t\t\tself.rawHeaders.push(matches[1], matches[2])","\t\t\t}","\t\t})","","\t\tself._charset = 'x-user-defined'","\t\tif (!capability.overrideMimeType) {","\t\t\tvar mimeType = self.rawHeaders['mime-type']","\t\t\tif (mimeType) {","\t\t\t\tvar charsetMatch = mimeType.match(/;\\s*charset=([^;])(;|$)/)","\t\t\t\tif (charsetMatch) {","\t\t\t\t\tself._charset = charsetMatch[1].toLowerCase()","\t\t\t\t}","\t\t\t}","\t\t\tif (!self._charset)","\t\t\t\tself._charset = 'utf-8' // best guess","\t\t}","\t}","}","","inherits(IncomingMessage, stream.Readable)","","IncomingMessage.prototype._read = function () {}","","IncomingMessage.prototype._onXHRProgress = function () {","\tvar self = this","","\tvar xhr = self._xhr","","\tvar response = null","\tswitch (self._mode) {","\t\tcase 'text:vbarray': // For IE9","\t\t\tif (xhr.readyState !== rStates.DONE)","\t\t\t\tbreak","\t\t\ttry {","\t\t\t\t// This fails in IE8","\t\t\t\tresponse = new global.VBArray(xhr.responseBody).toArray()","\t\t\t} catch (e) {}","\t\t\tif (response !== null) {","\t\t\t\tself.push(new Buffer(response))","\t\t\t\tbreak","\t\t\t}","\t\t\t// Falls through in IE8\t","\t\tcase 'text':","\t\t\ttry { // This will fail when readyState = 3 in IE9. Switch mode and wait for readyState = 4","\t\t\t\tresponse = xhr.responseText","\t\t\t} catch (e) {","\t\t\t\tself._mode = 'text:vbarray'","\t\t\t\tbreak","\t\t\t}","\t\t\tif (response.length > self._pos) {","\t\t\t\tvar newData = response.substr(self._pos)","\t\t\t\tif (self._charset === 'x-user-defined') {","\t\t\t\t\tvar buffer = new Buffer(newData.length)","\t\t\t\t\tfor (var i = 0; i < newData.length; i++)","\t\t\t\t\t\tbuffer[i] = newData.charCodeAt(i) & 0xff","","\t\t\t\t\tself.push(buffer)","\t\t\t\t} else {","\t\t\t\t\tself.push(newData, self._charset)","\t\t\t\t}","\t\t\t\tself._pos = response.length","\t\t\t}","\t\t\tbreak","\t\tcase 'arraybuffer':","\t\t\tif (xhr.readyState !== rStates.DONE || !xhr.response)","\t\t\t\tbreak","\t\t\tresponse = xhr.response","\t\t\tself.push(new Buffer(new Uint8Array(response)))","\t\t\tbreak","\t\tcase 'moz-chunked-arraybuffer': // take whole","\t\t\tresponse = xhr.response","\t\t\tif (xhr.readyState !== rStates.LOADING || !response)","\t\t\t\tbreak","\t\t\tself.push(new Buffer(new Uint8Array(response)))","\t\t\tbreak","\t\tcase 'ms-stream':","\t\t\tresponse = xhr.response","\t\t\tif (xhr.readyState !== rStates.LOADING)","\t\t\t\tbreak","\t\t\tvar reader = new global.MSStreamReader()","\t\t\treader.onprogress = function () {","\t\t\t\tif (reader.result.byteLength > self._pos) {","\t\t\t\t\tself.push(new Buffer(new Uint8Array(reader.result.slice(self._pos))))","\t\t\t\t\tself._pos = reader.result.byteLength","\t\t\t\t}","\t\t\t}","\t\t\treader.onload = function () {","\t\t\t\tself.push(null)","\t\t\t}","\t\t\t// reader.onerror = ??? // TODO: this","\t\t\treader.readAsArrayBuffer(response)","\t\t\tbreak","\t}","","\t// The ms-stream case handles end separately in reader.onload()","\tif (self._xhr.readyState === rStates.DONE && self._mode !== 'ms-stream') {","\t\tself.push(null)","\t}","}",""],"l":{"1":1,"2":1,"3":1,"5":1,"13":1,"14":0,"15":0,"17":0,"18":0,"19":0,"20":0,"21":0,"24":0,"26":0,"27":0,"31":0,"32":0,"34":0,"35":0,"36":0,"38":0,"39":0,"40":0,"45":0,"46":1,"47":0,"48":0,"49":0,"50":0,"51":0,"52":0,"54":0,"55":0,"57":0,"60":0,"63":0,"64":0,"66":0,"67":0,"68":0,"69":0,"70":0,"71":0,"72":0,"73":0,"74":0,"75":0,"76":0,"78":0,"79":0,"80":0,"82":0,"84":0,"88":0,"89":0,"90":0,"91":0,"92":0,"93":0,"94":0,"97":0,"98":0,"103":1,"105":1,"107":1,"108":0,"110":0,"112":0,"113":0,"115":0,"116":0,"117":0,"119":0,"121":0,"122":0,"123":0,"127":0,"128":0,"130":0,"131":0,"133":0,"134":0,"135":0,"136":0,"137":0,"138":0,"140":0,"142":0,"144":0,"146":0,"148":0,"149":0,"150":0,"151":0,"152":0,"154":0,"155":0,"156":0,"157":0,"158":0,"160":0,"161":0,"162":0,"163":0,"164":0,"165":0,"166":0,"167":0,"170":0,"171":0,"174":0,"175":0,"179":0,"180":0}},"/home/travis/build/npmtest/node-npmtest-stream-http/node_modules/stream-http/ie8-polyfill.js":{"path":"/home/travis/build/npmtest/node-npmtest-stream-http/node_modules/stream-http/ie8-polyfill.js","s":{"1":1,"2":0,"3":0,"4":0,"5":0,"6":0,"7":0,"8":0,"9":0,"10":0,"11":0,"12":0,"13":0,"14":0,"15":0,"16":1,"17":0,"18":0,"19":0,"20":0,"21":0,"22":0,"23":0,"24":0,"25":0,"26":0,"27":0,"28":0,"29":0,"30":0,"31":0,"32":0,"33":0,"34":1,"35":0,"36":0,"37":0,"38":0,"39":0,"40":0,"41":0,"42":0,"43":0,"44":0,"45":0,"46":0,"47":0,"48":0,"49":0,"50":0,"51":0,"52":0,"53":0},"b":{"1":[0,1],"2":[0,0],"3":[0,0,0],"4":[0,0],"5":[0,0],"6":[0,0],"7":[0,1],"8":[0,0],"9":[0,0],"10":[0,0],"11":[0,0],"12":[0,1],"13":[0,0],"14":[0,0],"15":[0,0],"16":[0,0],"17":[0,0],"18":[0,0],"19":[0,0],"20":[0,0]},"f":{"1":0,"2":0,"3":0,"4":0},"fnMap":{"1":{"name":"(anonymous_1)","line":5,"loc":{"start":{"line":5,"column":17},"end":{"line":5,"column":28}}},"2":{"name":"(anonymous_2)","line":20,"loc":{"start":{"line":20,"column":11},"end":{"line":20,"column":25}}},"3":{"name":"(anonymous_3)","line":49,"loc":{"start":{"line":49,"column":28},"end":{"line":49,"column":56}}},"4":{"name":"(anonymous_4)","line":107,"loc":{"start":{"line":107,"column":28},"end":{"line":107,"column":63}}}},"statementMap":{"1":{"start":{"line":4,"column":0},"end":{"line":43,"column":1}},"2":{"start":{"line":5,"column":2},"end":{"line":42,"column":7}},"3":{"start":{"line":7,"column":4},"end":{"line":18,"column":43}},"4":{"start":{"line":20,"column":4},"end":{"line":41,"column":6}},"5":{"start":{"line":21,"column":6},"end":{"line":23,"column":7}},"6":{"start":{"line":22,"column":8},"end":{"line":22,"column":64}},"7":{"start":{"line":25,"column":6},"end":{"line":25,"column":31}},"8":{"start":{"line":27,"column":6},"end":{"line":31,"column":7}},"9":{"start":{"line":28,"column":8},"end":{"line":30,"column":9}},"10":{"start":{"line":29,"column":10},"end":{"line":29,"column":28}},"11":{"start":{"line":33,"column":6},"end":{"line":39,"column":7}},"12":{"start":{"line":34,"column":8},"end":{"line":38,"column":9}},"13":{"start":{"line":35,"column":10},"end":{"line":37,"column":11}},"14":{"start":{"line":36,"column":12},"end":{"line":36,"column":38}},"15":{"start":{"line":40,"column":6},"end":{"line":40,"column":20}},"16":{"start":{"line":47,"column":0},"end":{"line":102,"column":1}},"17":{"start":{"line":49,"column":2},"end":{"line":101,"column":4}},"18":{"start":{"line":51,"column":4},"end":{"line":51,"column":13}},"19":{"start":{"line":53,"column":4},"end":{"line":55,"column":5}},"20":{"start":{"line":54,"column":6},"end":{"line":54,"column":58}},"21":{"start":{"line":58,"column":4},"end":{"line":58,"column":25}},"22":{"start":{"line":62,"column":4},"end":{"line":62,"column":29}},"23":{"start":{"line":66,"column":4},"end":{"line":68,"column":5}},"24":{"start":{"line":67,"column":6},"end":{"line":67,"column":59}},"25":{"start":{"line":71,"column":4},"end":{"line":73,"column":5}},"26":{"start":{"line":72,"column":6},"end":{"line":72,"column":18}},"27":{"start":{"line":76,"column":4},"end":{"line":76,"column":10}},"28":{"start":{"line":79,"column":4},"end":{"line":99,"column":5}},"29":{"start":{"line":81,"column":6},"end":{"line":81,"column":17}},"30":{"start":{"line":88,"column":6},"end":{"line":96,"column":7}},"31":{"start":{"line":91,"column":8},"end":{"line":91,"column":22}},"32":{"start":{"line":95,"column":8},"end":{"line":95,"column":39}},"33":{"start":{"line":98,"column":6},"end":{"line":98,"column":10}},"34":{"start":{"line":106,"column":0},"end":{"line":168,"column":1}},"35":{"start":{"line":107,"column":2},"end":{"line":167,"column":4}},"36":{"start":{"line":109,"column":4},"end":{"line":109,"column":10}},"37":{"start":{"line":113,"column":4},"end":{"line":115,"column":5}},"38":{"start":{"line":114,"column":6},"end":{"line":114,"column":59}},"39":{"start":{"line":117,"column":4},"end":{"line":117,"column":25}},"40":{"start":{"line":122,"column":4},"end":{"line":122,"column":29}},"41":{"start":{"line":125,"column":4},"end":{"line":127,"column":5}},"42":{"start":{"line":126,"column":6},"end":{"line":126,"column":16}},"43":{"start":{"line":131,"column":4},"end":{"line":131,"column":28}},"44":{"start":{"line":133,"column":4},"end":{"line":135,"column":5}},"45":{"start":{"line":134,"column":6},"end":{"line":134,"column":12}},"46":{"start":{"line":138,"column":4},"end":{"line":140,"column":5}},"47":{"start":{"line":139,"column":6},"end":{"line":139,"column":16}},"48":{"start":{"line":145,"column":4},"end":{"line":145,"column":52}},"49":{"start":{"line":148,"column":4},"end":{"line":165,"column":5}},"50":{"start":{"line":161,"column":6},"end":{"line":163,"column":7}},"51":{"start":{"line":162,"column":8},"end":{"line":162,"column":17}},"52":{"start":{"line":164,"column":6},"end":{"line":164,"column":10}},"53":{"start":{"line":166,"column":4},"end":{"line":166,"column":14}}},"branchMap":{"1":{"line":4,"type":"if","locations":[{"start":{"line":4,"column":0},"end":{"line":4,"column":0}},{"start":{"line":4,"column":0},"end":{"line":4,"column":0}}]},"2":{"line":21,"type":"if","locations":[{"start":{"line":21,"column":6},"end":{"line":21,"column":6}},{"start":{"line":21,"column":6},"end":{"line":21,"column":6}}]},"3":{"line":21,"type":"binary-expr","locations":[{"start":{"line":21,"column":10},"end":{"line":21,"column":33}},{"start":{"line":21,"column":38},"end":{"line":21,"column":63}},{"start":{"line":21,"column":67},"end":{"line":21,"column":79}}]},"4":{"line":28,"type":"if","locations":[{"start":{"line":28,"column":8},"end":{"line":28,"column":8}},{"start":{"line":28,"column":8},"end":{"line":28,"column":8}}]},"5":{"line":33,"type":"if","locations":[{"start":{"line":33,"column":6},"end":{"line":33,"column":6}},{"start":{"line":33,"column":6},"end":{"line":33,"column":6}}]},"6":{"line":35,"type":"if","locations":[{"start":{"line":35,"column":10},"end":{"line":35,"column":10}},{"start":{"line":35,"column":10},"end":{"line":35,"column":10}}]},"7":{"line":47,"type":"if","locations":[{"start":{"line":47,"column":0},"end":{"line":47,"column":0}},{"start":{"line":47,"column":0},"end":{"line":47,"column":0}}]},"8":{"line":53,"type":"if","locations":[{"start":{"line":53,"column":4},"end":{"line":53,"column":4}},{"start":{"line":53,"column":4},"end":{"line":53,"column":4}}]},"9":{"line":66,"type":"if","locations":[{"start":{"line":66,"column":4},"end":{"line":66,"column":4}},{"start":{"line":66,"column":4},"end":{"line":66,"column":4}}]},"10":{"line":71,"type":"if","locations":[{"start":{"line":71,"column":4},"end":{"line":71,"column":4}},{"start":{"line":71,"column":4},"end":{"line":71,"column":4}}]},"11":{"line":88,"type":"if","locations":[{"start":{"line":88,"column":6},"end":{"line":88,"column":6}},{"start":{"line":88,"column":6},"end":{"line":88,"column":6}}]},"12":{"line":106,"type":"if","locations":[{"start":{"line":106,"column":0},"end":{"line":106,"column":0}},{"start":{"line":106,"column":0},"end":{"line":106,"column":0}}]},"13":{"line":113,"type":"if","locations":[{"start":{"line":113,"column":4},"end":{"line":113,"column":4}},{"start":{"line":113,"column":4},"end":{"line":113,"column":4}}]},"14":{"line":125,"type":"if","locations":[{"start":{"line":125,"column":4},"end":{"line":125,"column":4}},{"start":{"line":125,"column":4},"end":{"line":125,"column":4}}]},"15":{"line":131,"type":"binary-expr","locations":[{"start":{"line":131,"column":12},"end":{"line":131,"column":22}},{"start":{"line":131,"column":26},"end":{"line":131,"column":27}}]},"16":{"line":133,"type":"if","locations":[{"start":{"line":133,"column":4},"end":{"line":133,"column":4}},{"start":{"line":133,"column":4},"end":{"line":133,"column":4}}]},"17":{"line":138,"type":"if","locations":[{"start":{"line":138,"column":4},"end":{"line":138,"column":4}},{"start":{"line":138,"column":4},"end":{"line":138,"column":4}}]},"18":{"line":145,"type":"cond-expr","locations":[{"start":{"line":145,"column":26},"end":{"line":145,"column":27}},{"start":{"line":145,"column":30},"end":{"line":145,"column":47}}]},"19":{"line":161,"type":"if","locations":[{"start":{"line":161,"column":6},"end":{"line":161,"column":6}},{"start":{"line":161,"column":6},"end":{"line":161,"column":6}}]},"20":{"line":161,"type":"binary-expr","locations":[{"start":{"line":161,"column":10},"end":{"line":161,"column":16}},{"start":{"line":161,"column":20},"end":{"line":161,"column":42}}]}},"code":["// These polyfills taken from MDN (developer.mozilla.org)","","// From https://developer.mozilla.org/en-US/docs/Web/JavaScript/Reference/Global_Objects/Object/keys","if (!Object.keys) {","  Object.keys = (function() {","    'use strict';","    var hasOwnProperty = Object.prototype.hasOwnProperty,","        hasDontEnumBug = !({ toString: null }).propertyIsEnumerable('toString'),","        dontEnums = [","          'toString',","          'toLocaleString',","          'valueOf',","          'hasOwnProperty',","          'isPrototypeOf',","          'propertyIsEnumerable',","          'constructor'","        ],","        dontEnumsLength = dontEnums.length;","","    return function(obj) {","      if (typeof obj !== 'object' && (typeof obj !== 'function' || obj === null)) {","        throw new TypeError('Object.keys called on non-object');","      }","","      var result = [], prop, i;","","      for (prop in obj) {","        if (hasOwnProperty.call(obj, prop)) {","          result.push(prop);","        }","      }","","      if (hasDontEnumBug) {","        for (i = 0; i < dontEnumsLength; i++) {","          if (hasOwnProperty.call(obj, dontEnums[i])) {","            result.push(dontEnums[i]);","          }","        }","      }","      return result;","    };","  }());","}","","// Production steps of ECMA-262, Edition 5, 15.4.4.18","// Reference: http://es5.github.io/#x15.4.4.18","if (!Array.prototype.forEach) {","","  Array.prototype.forEach = function(callback, thisArg) {","","    var T, k;","","    if (this == null) {","      throw new TypeError(' this is null or not defined');","    }","","    // 1. Let O be the result of calling ToObject passing the |this| value as the argument.","    var O = Object(this);","","    // 2. Let lenValue be the result of calling the Get internal method of O with the argument \"length\".","    // 3. Let len be ToUint32(lenValue).","    var len = O.length >>> 0;","","    // 4. If IsCallable(callback) is false, throw a TypeError exception.","    // See: http://es5.github.com/#x9.11","    if (typeof callback !== \"function\") {","      throw new TypeError(callback + ' is not a function');","    }","","    // 5. If thisArg was supplied, let T be thisArg; else let T be undefined.","    if (arguments.length > 1) {","      T = thisArg;","    }","","    // 6. Let k be 0","    k = 0;","","    // 7. Repeat, while k < len","    while (k < len) {","","      var kValue;","","      // a. Let Pk be ToString(k).","      //   This is implicit for LHS operands of the in operator","      // b. Let kPresent be the result of calling the HasProperty internal method of O with argument Pk.","      //   This step can be combined with c","      // c. If kPresent is true, then","      if (k in O) {","","        // i. Let kValue be the result of calling the Get internal method of O with argument Pk.","        kValue = O[k];","","        // ii. Call the Call internal method of callback with T as the this value and","        // argument list containing kValue, k, and O.","        callback.call(T, kValue, k, O);","      }","      // d. Increase k by 1.","      k++;","    }","    // 8. return undefined","  };","}","","// Production steps of ECMA-262, Edition 5, 15.4.4.14","// Reference: http://es5.github.io/#x15.4.4.14","if (!Array.prototype.indexOf) {","  Array.prototype.indexOf = function(searchElement, fromIndex) {","","    var k;","","    // 1. Let O be the result of calling ToObject passing","    //    the this value as the argument.","    if (this == null) {","      throw new TypeError('\"this\" is null or not defined');","    }","","    var O = Object(this);","","    // 2. Let lenValue be the result of calling the Get","    //    internal method of O with the argument \"length\".","    // 3. Let len be ToUint32(lenValue).","    var len = O.length >>> 0;","","    // 4. If len is 0, return -1.","    if (len === 0) {","      return -1;","    }","","    // 5. If argument fromIndex was passed let n be","    //    ToInteger(fromIndex); else let n be 0.","    var n = +fromIndex || 0;","","    if (Math.abs(n) === Infinity) {","      n = 0;","    }","","    // 6. If n >= len, return -1.","    if (n >= len) {","      return -1;","    }","","    // 7. If n >= 0, then Let k be n.","    // 8. Else, n<0, Let k be len - abs(n).","    //    If k is less than 0, then let k be 0.","    k = Math.max(n >= 0 ? n : len - Math.abs(n), 0);","","    // 9. Repeat, while k < len","    while (k < len) {","      // a. Let Pk be ToString(k).","      //   This is implicit for LHS operands of the in operator","      // b. Let kPresent be the result of calling the","      //    HasProperty internal method of O with argument Pk.","      //   This step can be combined with c","      // c. If kPresent is true, then","      //    i.  Let elementK be the result of calling the Get","      //        internal method of O with the argument ToString(k).","      //   ii.  Let same be the result of applying the","      //        Strict Equality Comparison Algorithm to","      //        searchElement and elementK.","      //  iii.  If same is true, return k.","      if (k in O && O[k] === searchElement) {","        return k;","      }","      k++;","    }","    return -1;","  };","}"],"l":{"4":1,"5":0,"7":0,"20":0,"21":0,"22":0,"25":0,"27":0,"28":0,"29":0,"33":0,"34":0,"35":0,"36":0,"40":0,"47":1,"49":0,"51":0,"53":0,"54":0,"58":0,"62":0,"66":0,"67":0,"71":0,"72":0,"76":0,"79":0,"81":0,"88":0,"91":0,"95":0,"98":0,"106":1,"107":0,"109":0,"113":0,"114":0,"117":0,"122":0,"125":0,"126":0,"131":0,"133":0,"134":0,"138":0,"139":0,"145":0,"148":0,"161":0,"162":0,"164":0,"166":0}}}